[10/03/2024 1:59:43 PM]: Program version: Alpha 0.2.3
[10/03/2024 1:59:50 PM]: Loading...
[10/03/2024 1:59:50 PM]: Loading mod directory: C:\Users\Luke\Documents\Paradox Interactive\Hearts of Iron IV\mod\ColdWarIronCurtain\Cold War Iron Curtain\
[10/03/2024 1:59:50 PM]: Perform action MAP_TAB_PROGRESSBAR_LOADING_REPLACE_TAGS (1/13)...
[10/03/2024 1:59:50 PM]: Perform action MAP_TAB_PROGRESSBAR_LOADING_INFO_ARGS_BLOCKS (2/13)...
[10/03/2024 1:59:50 PM]: Perform action MAP_TAB_PROGRESSBAR_LOADING_BOOKMARKS (3/13)...
[10/03/2024 1:59:50 PM]: Perform action MAP_TAB_PROGRESSBAR_LOADING_TERRAINS (4/13)...
[10/03/2024 1:59:50 PM]: Perform action MAP_TAB_PROGRESSBAR_LOADING_CONTINENTS (5/13)...
[10/03/2024 1:59:50 PM]: Perform action MAP_TAB_PROGRESSBAR_LOADING_BUILDINGS (6/13)...
[10/03/2024 1:59:50 PM]: Perform action MAP_TAB_PROGRESSBAR_LOADING_COUNTRIES (7/13)...
[10/03/2024 1:59:50 PM]: Loading CountryGraphics "colors.txt"
[10/03/2024 1:59:50 PM]: Loading CountryGraphics "cosmetic.txt"
[10/03/2024 1:59:50 PM]: Loading CountryGraphics = Abkhazia.txt
[10/03/2024 1:59:50 PM]: Loading CountryGraphics = Afar.txt
[10/03/2024 1:59:50 PM]: Loading CountryGraphics = Afghanistan.txt
[10/03/2024 1:59:50 PM]: Loading CountryGraphics = Albania.txt
[10/03/2024 1:59:50 PM]: Loading CountryGraphics = Algeria.txt
[10/03/2024 1:59:50 PM]: Loading CountryGraphics = Altay.txt
[10/03/2024 1:59:50 PM]: Loading CountryGraphics = Andalusia.txt
[10/03/2024 1:59:50 PM]: Loading CountryGraphics = Angola.txt
[10/03/2024 1:59:50 PM]: Loading CountryGraphics = Argentina.txt
[10/03/2024 1:59:50 PM]: Loading CountryGraphics = Armenia.txt
[10/03/2024 1:59:50 PM]: Loading CountryGraphics = Australia.txt
[10/03/2024 1:59:50 PM]: Loading CountryGraphics = Austria.txt
[10/03/2024 1:59:50 PM]: Loading CountryGraphics = Azerbaijan.txt
[10/03/2024 1:59:50 PM]: Loading CountryGraphics = Bahamas.txt
[10/03/2024 1:59:50 PM]: Loading CountryGraphics = Bangladesh.txt
[10/03/2024 1:59:50 PM]: Loading CountryGraphics = Bashkortostan.txt
[10/03/2024 1:59:50 PM]: Loading CountryGraphics = Bavaria.txt
[10/03/2024 1:59:50 PM]: Loading CountryGraphics = Belarus.txt
[10/03/2024 1:59:50 PM]: Loading CountryGraphics = Belgium.txt
[10/03/2024 1:59:50 PM]: Loading CountryGraphics = Belize.txt
[10/03/2024 1:59:50 PM]: Loading CountryGraphics = Benishangul-Gumuz.txt
[10/03/2024 1:59:50 PM]: Loading CountryGraphics = Bhutan.txt
[10/03/2024 1:59:50 PM]: Loading CountryGraphics = Bolivia.txt
[10/03/2024 1:59:50 PM]: Loading CountryGraphics = Bosnia.txt
[10/03/2024 1:59:50 PM]: Loading CountryGraphics = Botswana.txt
[10/03/2024 1:59:50 PM]: Loading CountryGraphics = Brazil.txt
[10/03/2024 1:59:50 PM]: Loading CountryGraphics = British Antilles.txt
[10/03/2024 1:59:50 PM]: Loading CountryGraphics = British Raj.txt
[10/03/2024 1:59:50 PM]: Loading CountryGraphics = Brittany.txt
[10/03/2024 1:59:50 PM]: Loading CountryGraphics = Bukharan Republic.txt
[10/03/2024 1:59:50 PM]: Loading CountryGraphics = Bulgaria.txt
[10/03/2024 1:59:50 PM]: Loading CountryGraphics = Burma.txt
[10/03/2024 1:59:50 PM]: Loading CountryGraphics = Burundi.txt
[10/03/2024 1:59:50 PM]: Loading CountryGraphics = Buryatia.txt
[10/03/2024 1:59:50 PM]: Loading CountryGraphics = Cambodia.txt
[10/03/2024 1:59:50 PM]: Loading CountryGraphics = Cameroon.txt
[10/03/2024 1:59:50 PM]: Loading CountryGraphics = Canada.txt
[10/03/2024 1:59:50 PM]: Loading CountryGraphics = Catalonia.txt
[10/03/2024 1:59:50 PM]: Loading CountryGraphics = Cayenne.txt
[10/03/2024 1:59:50 PM]: Loading CountryGraphics = Central African Republic.txt
[10/03/2024 1:59:50 PM]: Loading CountryGraphics = Chad.txt
[10/03/2024 1:59:50 PM]: Loading CountryGraphics = Charrua.txt
[10/03/2024 1:59:50 PM]: Loading CountryGraphics = Chechnya Ingushetia.txt
[10/03/2024 1:59:50 PM]: Loading CountryGraphics = Chile.txt
[10/03/2024 1:59:50 PM]: Loading CountryGraphics = China.txt
[10/03/2024 1:59:50 PM]: Loading CountryGraphics = Chukotka.txt
[10/03/2024 1:59:50 PM]: Loading CountryGraphics = Chuvashia.txt
[10/03/2024 1:59:50 PM]: Loading CountryGraphics = Colombia.txt
[10/03/2024 1:59:50 PM]: Loading CountryGraphics = ComChina.txt
[10/03/2024 1:59:50 PM]: Loading CountryGraphics = Congo.txt
[10/03/2024 1:59:50 PM]: Loading CountryGraphics = Corsica.txt
[10/03/2024 1:59:50 PM]: Loading CountryGraphics = Costa Rica.txt
[10/03/2024 1:59:50 PM]: Loading CountryGraphics = Crimea.txt
[10/03/2024 1:59:50 PM]: Loading CountryGraphics = Croatia.txt
[10/03/2024 1:59:50 PM]: Loading CountryGraphics = CSA.txt
[10/03/2024 1:59:50 PM]: Loading CountryGraphics = Cuba.txt
[10/03/2024 1:59:50 PM]: Loading CountryGraphics = Curacao.txt
[10/03/2024 1:59:50 PM]: Loading CountryGraphics = Cyprus.txt
[10/03/2024 1:59:50 PM]: Loading CountryGraphics = Czechoslovakia.txt
[10/03/2024 1:59:50 PM]: Loading CountryGraphics = D01.txt
[10/03/2024 1:59:50 PM]: Loading CountryGraphics = D02.txt
[10/03/2024 1:59:50 PM]: Loading CountryGraphics = D03.txt
[10/03/2024 1:59:50 PM]: Loading CountryGraphics = D04.txt
[10/03/2024 1:59:50 PM]: Loading CountryGraphics = D05.txt
[10/03/2024 1:59:50 PM]: Loading CountryGraphics = D06.txt
[10/03/2024 1:59:50 PM]: Loading CountryGraphics = D07.txt
[10/03/2024 1:59:50 PM]: Loading CountryGraphics = D08.txt
[10/03/2024 1:59:50 PM]: Loading CountryGraphics = D09.txt
[10/03/2024 1:59:50 PM]: Loading CountryGraphics = D10.txt
[10/03/2024 1:59:50 PM]: Loading CountryGraphics = D11.txt
[10/03/2024 1:59:50 PM]: Loading CountryGraphics = D12.txt
[10/03/2024 1:59:50 PM]: Loading CountryGraphics = D13.txt
[10/03/2024 1:59:50 PM]: Loading CountryGraphics = D14.txt
[10/03/2024 1:59:50 PM]: Loading CountryGraphics = D15.txt
[10/03/2024 1:59:50 PM]: Loading CountryGraphics = D16.txt
[10/03/2024 1:59:50 PM]: Loading CountryGraphics = D17.txt
[10/03/2024 1:59:50 PM]: Loading CountryGraphics = D18.txt
[10/03/2024 1:59:50 PM]: Loading CountryGraphics = D19.txt
[10/03/2024 1:59:50 PM]: Loading CountryGraphics = D20.txt
[10/03/2024 1:59:50 PM]: Loading CountryGraphics = D21.txt
[10/03/2024 1:59:50 PM]: Loading CountryGraphics = D22.txt
[10/03/2024 1:59:50 PM]: Loading CountryGraphics = D23.txt
[10/03/2024 1:59:50 PM]: Loading CountryGraphics = D24.txt
[10/03/2024 1:59:50 PM]: Loading CountryGraphics = D25.txt
[10/03/2024 1:59:50 PM]: Loading CountryGraphics = D26.txt
[10/03/2024 1:59:50 PM]: Loading CountryGraphics = D27.txt
[10/03/2024 1:59:50 PM]: Loading CountryGraphics = D28.txt
[10/03/2024 1:59:50 PM]: Loading CountryGraphics = D29.txt
[10/03/2024 1:59:50 PM]: Loading CountryGraphics = D30.txt
[10/03/2024 1:59:50 PM]: Loading CountryGraphics = D31.txt
[10/03/2024 1:59:50 PM]: Loading CountryGraphics = D32.txt
[10/03/2024 1:59:50 PM]: Loading CountryGraphics = D33.txt
[10/03/2024 1:59:50 PM]: Loading CountryGraphics = D34.txt
[10/03/2024 1:59:50 PM]: Loading CountryGraphics = D35.txt
[10/03/2024 1:59:50 PM]: Loading CountryGraphics = D36.txt
[10/03/2024 1:59:50 PM]: Loading CountryGraphics = D37.txt
[10/03/2024 1:59:50 PM]: Loading CountryGraphics = D38.txt
[10/03/2024 1:59:50 PM]: Loading CountryGraphics = D39.txt
[10/03/2024 1:59:50 PM]: Loading CountryGraphics = D40.txt
[10/03/2024 1:59:50 PM]: Loading CountryGraphics = D41.txt
[10/03/2024 1:59:50 PM]: Loading CountryGraphics = D42.txt
[10/03/2024 1:59:50 PM]: Loading CountryGraphics = D43.txt
[10/03/2024 1:59:50 PM]: Loading CountryGraphics = D44.txt
[10/03/2024 1:59:50 PM]: Loading CountryGraphics = D45.txt
[10/03/2024 1:59:50 PM]: Loading CountryGraphics = D46.txt
[10/03/2024 1:59:50 PM]: Loading CountryGraphics = D47.txt
[10/03/2024 1:59:50 PM]: Loading CountryGraphics = D48.txt
[10/03/2024 1:59:50 PM]: Loading CountryGraphics = D49.txt
[10/03/2024 1:59:50 PM]: Loading CountryGraphics = D50.txt
[10/03/2024 1:59:50 PM]: Loading CountryGraphics = D51.txt
[10/03/2024 1:59:50 PM]: Loading CountryGraphics = D52.txt
[10/03/2024 1:59:50 PM]: Loading CountryGraphics = D53.txt
[10/03/2024 1:59:50 PM]: Loading CountryGraphics = D54.txt
[10/03/2024 1:59:50 PM]: Loading CountryGraphics = D55.txt
[10/03/2024 1:59:50 PM]: Loading CountryGraphics = D56.txt
[10/03/2024 1:59:50 PM]: Loading CountryGraphics = D57.txt
[10/03/2024 1:59:50 PM]: Loading CountryGraphics = D58.txt
[10/03/2024 1:59:50 PM]: Loading CountryGraphics = D59.txt
[10/03/2024 1:59:50 PM]: Loading CountryGraphics = D60.txt
[10/03/2024 1:59:50 PM]: Loading CountryGraphics = D61.txt
[10/03/2024 1:59:50 PM]: Loading CountryGraphics = D62.txt
[10/03/2024 1:59:50 PM]: Loading CountryGraphics = D63.txt
[10/03/2024 1:59:50 PM]: Loading CountryGraphics = D64.txt
[10/03/2024 1:59:50 PM]: Loading CountryGraphics = D65.txt
[10/03/2024 1:59:50 PM]: Loading CountryGraphics = D66.txt
[10/03/2024 1:59:50 PM]: Loading CountryGraphics = D67.txt
[10/03/2024 1:59:50 PM]: Loading CountryGraphics = D68.txt
[10/03/2024 1:59:50 PM]: Loading CountryGraphics = D69.txt
[10/03/2024 1:59:50 PM]: Loading CountryGraphics = D70.txt
[10/03/2024 1:59:50 PM]: Loading CountryGraphics = D71.txt
[10/03/2024 1:59:50 PM]: Loading CountryGraphics = D72.txt
[10/03/2024 1:59:50 PM]: Loading CountryGraphics = D73.txt
[10/03/2024 1:59:50 PM]: Loading CountryGraphics = D74.txt
[10/03/2024 1:59:50 PM]: Loading CountryGraphics = D75.txt
[10/03/2024 1:59:50 PM]: Loading CountryGraphics = Dagestan.txt
[10/03/2024 1:59:50 PM]: Loading CountryGraphics = Dahomey.txt
[10/03/2024 1:59:50 PM]: Loading CountryGraphics = Danzig.txt
[10/03/2024 1:59:50 PM]: Loading CountryGraphics = Denmark.txt
[10/03/2024 1:59:50 PM]: Loading CountryGraphics = Djibouti.txt
[10/03/2024 1:59:50 PM]: Loading CountryGraphics = Dominican Republic.txt
[10/03/2024 1:59:50 PM]: Loading CountryGraphics = Don Republic.txt
[10/03/2024 1:59:50 PM]: Loading CountryGraphics = East Germany.txt
[10/03/2024 1:59:50 PM]: Loading CountryGraphics = Ecuador.txt
[10/03/2024 1:59:50 PM]: Loading CountryGraphics = Egypt.txt
[10/03/2024 1:59:50 PM]: Loading CountryGraphics = El Salvador.txt
[10/03/2024 1:59:50 PM]: Loading CountryGraphics = Equatorial Guinea.txt
[10/03/2024 1:59:50 PM]: Loading CountryGraphics = Eritrea.txt
[10/03/2024 1:59:50 PM]: Loading CountryGraphics = Estonia.txt
[10/03/2024 1:59:50 PM]: Loading CountryGraphics = Ethiopia.txt
[10/03/2024 1:59:50 PM]: Loading CountryGraphics = Fareastern Republic.txt
[10/03/2024 1:59:50 PM]: Loading CountryGraphics = Fiji.txt
[10/03/2024 1:59:50 PM]: Loading CountryGraphics = Finland.txt
[10/03/2024 1:59:50 PM]: Loading CountryGraphics = France.txt
[10/03/2024 1:59:50 PM]: Loading CountryGraphics = Gabon.txt
[10/03/2024 1:59:50 PM]: Loading CountryGraphics = Galicia.txt
[10/03/2024 1:59:50 PM]: Loading CountryGraphics = Gambela.txt
[10/03/2024 1:59:50 PM]: Loading CountryGraphics = Gambia.txt
[10/03/2024 1:59:50 PM]: Loading CountryGraphics = Georgia.txt
[10/03/2024 1:59:50 PM]: Loading CountryGraphics = Germany.txt
[10/03/2024 1:59:50 PM]: Loading CountryGraphics = Ghana.txt
[10/03/2024 1:59:50 PM]: Loading CountryGraphics = Greece.txt
[10/03/2024 1:59:50 PM]: Loading CountryGraphics = Greenland.txt
[10/03/2024 1:59:50 PM]: Loading CountryGraphics = Guadeloupe.txt
[10/03/2024 1:59:50 PM]: Loading CountryGraphics = Guam.txt
[10/03/2024 1:59:50 PM]: Loading CountryGraphics = Guangxi.txt
[10/03/2024 1:59:50 PM]: Loading CountryGraphics = Guarani.txt
[10/03/2024 1:59:50 PM]: Loading CountryGraphics = Guatemla.txt
[10/03/2024 1:59:50 PM]: Loading CountryGraphics = Guinea-Bissau.txt
[10/03/2024 1:59:50 PM]: Loading CountryGraphics = Guinea.txt
[10/03/2024 1:59:50 PM]: Loading CountryGraphics = Guyana.txt
[10/03/2024 1:59:50 PM]: Loading CountryGraphics = Haiti.txt
[10/03/2024 1:59:50 PM]: Loading CountryGraphics = Hanover.txt
[10/03/2024 1:59:50 PM]: Loading CountryGraphics = Harar.txt
[10/03/2024 1:59:50 PM]: Loading CountryGraphics = Hawaii.txt
[10/03/2024 1:59:50 PM]: Loading CountryGraphics = Herzegovina.txt
[10/03/2024 1:59:50 PM]: Loading CountryGraphics = Holland.txt
[10/03/2024 1:59:50 PM]: Loading CountryGraphics = Honduras.txt
[10/03/2024 1:59:50 PM]: Loading CountryGraphics = Hungary.txt
[10/03/2024 1:59:50 PM]: Loading CountryGraphics = Iceland.txt
[10/03/2024 1:59:50 PM]: Loading CountryGraphics = Inca.txt
[10/03/2024 1:59:50 PM]: Loading CountryGraphics = Indonesia.txt
[10/03/2024 1:59:50 PM]: Loading CountryGraphics = Inuit.txt
[10/03/2024 1:59:50 PM]: Loading CountryGraphics = Iraq.txt
[10/03/2024 1:59:50 PM]: Loading CountryGraphics = Ireland.txt
[10/03/2024 1:59:50 PM]: Loading CountryGraphics = Israel.txt
[10/03/2024 1:59:50 PM]: Loading CountryGraphics = Isthmo Amerindia.txt
[10/03/2024 1:59:50 PM]: Loading CountryGraphics = Italian East Africa.txt
[10/03/2024 1:59:50 PM]: Loading CountryGraphics = Italy.txt
[10/03/2024 1:59:50 PM]: Loading CountryGraphics = Itza.txt
[10/03/2024 1:59:50 PM]: Loading CountryGraphics = Ivory Coast.txt
[10/03/2024 1:59:50 PM]: Loading CountryGraphics = Jamaica.txt
[10/03/2024 1:59:50 PM]: Loading CountryGraphics = Jan Mayen.txt
[10/03/2024 1:59:50 PM]: Loading CountryGraphics = Japan.txt
[10/03/2024 1:59:50 PM]: Loading CountryGraphics = Jordan.txt
[10/03/2024 1:59:50 PM]: Loading CountryGraphics = Kabardino Balkaria.txt
[10/03/2024 1:59:50 PM]: Loading CountryGraphics = Kalmykia.txt
[10/03/2024 1:59:50 PM]: Loading CountryGraphics = Karakalpakstan.txt
[10/03/2024 1:59:50 PM]: Loading CountryGraphics = Karelia.txt
[10/03/2024 1:59:50 PM]: Loading CountryGraphics = Kashubia.txt
[10/03/2024 1:59:50 PM]: Loading CountryGraphics = Kazakhstan.txt
[10/03/2024 1:59:50 PM]: Loading CountryGraphics = Kenya.txt
[10/03/2024 1:59:50 PM]: Loading CountryGraphics = Khakassia.txt
[10/03/2024 1:59:50 PM]: Loading CountryGraphics = Khiva.txt
[10/03/2024 1:59:50 PM]: Loading CountryGraphics = Komi.txt
[10/03/2024 1:59:50 PM]: Loading CountryGraphics = Korea.txt
[10/03/2024 1:59:50 PM]: Loading CountryGraphics = Kosovo.txt
[10/03/2024 1:59:50 PM]: Loading CountryGraphics = Kuban Republic.txt
[10/03/2024 1:59:50 PM]: Loading CountryGraphics = Kurdistan.txt
[10/03/2024 1:59:50 PM]: Loading CountryGraphics = Kuwait.txt
[10/03/2024 1:59:50 PM]: Loading CountryGraphics = Kyrgyzstan.txt
[10/03/2024 1:59:50 PM]: Loading CountryGraphics = Laos.txt
[10/03/2024 1:59:50 PM]: Loading CountryGraphics = Latvia.txt
[10/03/2024 1:59:50 PM]: Loading CountryGraphics = Lebanon.txt
[10/03/2024 1:59:50 PM]: Loading CountryGraphics = Liberia.txt
[10/03/2024 1:59:50 PM]: Loading CountryGraphics = Libya.txt
[10/03/2024 1:59:50 PM]: Loading CountryGraphics = Lithuania.txt
[10/03/2024 1:59:50 PM]: Loading CountryGraphics = Lombardy Venetia.txt
[10/03/2024 1:59:50 PM]: Loading CountryGraphics = Luxemburg.txt
[10/03/2024 1:59:50 PM]: Loading CountryGraphics = Macedonia.txt
[10/03/2024 1:59:50 PM]: Loading CountryGraphics = Madagascar.txt
[10/03/2024 1:59:50 PM]: Loading CountryGraphics = Malawi.txt
[10/03/2024 1:59:50 PM]: Loading CountryGraphics = Malaysia.txt
[10/03/2024 1:59:50 PM]: Loading CountryGraphics = Maldives.txt
[10/03/2024 1:59:50 PM]: Loading CountryGraphics = Mali.txt
[10/03/2024 1:59:50 PM]: Loading CountryGraphics = Malta.txt
[10/03/2024 1:59:50 PM]: Loading CountryGraphics = Manchukou.txt
[10/03/2024 1:59:50 PM]: Loading CountryGraphics = Mariel.txt
[10/03/2024 1:59:50 PM]: Loading CountryGraphics = Mauritania.txt
[10/03/2024 1:59:50 PM]: Loading CountryGraphics = Maya.txt
[10/03/2024 1:59:50 PM]: Loading CountryGraphics = Mecklenburg.txt
[10/03/2024 1:59:50 PM]: Loading CountryGraphics = Mengkukuo.txt
[10/03/2024 1:59:50 PM]: Loading CountryGraphics = Mexico.txt
[10/03/2024 1:59:50 PM]: Loading CountryGraphics = Micronesia.txt
[10/03/2024 1:59:50 PM]: Loading CountryGraphics = Miskito.txt
[10/03/2024 1:59:50 PM]: Loading CountryGraphics = Moldova.txt
[10/03/2024 1:59:50 PM]: Loading CountryGraphics = Mongolia.txt
[10/03/2024 1:59:50 PM]: Loading CountryGraphics = Montenegro.txt
[10/03/2024 1:59:50 PM]: Loading CountryGraphics = Morocco.txt
[10/03/2024 1:59:50 PM]: Loading CountryGraphics = Mozambique.txt
[10/03/2024 1:59:50 PM]: Loading CountryGraphics = Nahua.txt
[10/03/2024 1:59:50 PM]: Loading CountryGraphics = Namibia.txt
[10/03/2024 1:59:50 PM]: Loading CountryGraphics = Navarra.txt
[10/03/2024 1:59:50 PM]: Loading CountryGraphics = Nenetsia.txt
[10/03/2024 1:59:50 PM]: Loading CountryGraphics = Nepal.txt
[10/03/2024 1:59:50 PM]: Loading CountryGraphics = New Zealand.txt
[10/03/2024 1:59:50 PM]: Loading CountryGraphics = Nicaragua.txt
[10/03/2024 1:59:50 PM]: Loading CountryGraphics = Niger.txt
[10/03/2024 1:59:50 PM]: Loading CountryGraphics = Nigeria.txt
[10/03/2024 1:59:50 PM]: Loading CountryGraphics = North Ossetia.txt
[10/03/2024 1:59:50 PM]: Loading CountryGraphics = Northern Ireland.txt
[10/03/2024 1:59:50 PM]: Loading CountryGraphics = Norway.txt
[10/03/2024 1:59:50 PM]: Loading CountryGraphics = Occitania.txt
[10/03/2024 1:59:50 PM]: Loading CountryGraphics = Oman.txt
[10/03/2024 1:59:50 PM]: Loading CountryGraphics = Oromo.txt
[10/03/2024 1:59:50 PM]: Loading CountryGraphics = Ostyak Vogulia.txt
[10/03/2024 1:59:50 PM]: Loading CountryGraphics = Pakistan.txt
[10/03/2024 1:59:50 PM]: Loading CountryGraphics = Palestine.txt
[10/03/2024 1:59:50 PM]: Loading CountryGraphics = Panama.txt
[10/03/2024 1:59:50 PM]: Loading CountryGraphics = Papal States.txt
[10/03/2024 1:59:50 PM]: Loading CountryGraphics = Papua New Guinea.txt
[10/03/2024 1:59:50 PM]: Loading CountryGraphics = Paraguay.txt
[10/03/2024 1:59:50 PM]: Loading CountryGraphics = Persia.txt
[10/03/2024 1:59:50 PM]: Loading CountryGraphics = Peru.txt
[10/03/2024 1:59:50 PM]: Loading CountryGraphics = Philippines.txt
[10/03/2024 1:59:50 PM]: Loading CountryGraphics = Poland.txt
[10/03/2024 1:59:50 PM]: Loading CountryGraphics = Portugal.txt
[10/03/2024 1:59:50 PM]: Loading CountryGraphics = Prussia.txt
[10/03/2024 1:59:50 PM]: Loading CountryGraphics = Puerto Rico.txt
[10/03/2024 1:59:50 PM]: Loading CountryGraphics = Qatar.txt
[10/03/2024 1:59:50 PM]: Loading CountryGraphics = Qemant.txt
[10/03/2024 1:59:50 PM]: Loading CountryGraphics = Quebec.txt
[10/03/2024 1:59:50 PM]: Loading CountryGraphics = Rapa Nui.txt
[10/03/2024 1:59:50 PM]: Loading CountryGraphics = Republic of Congo.txt
[10/03/2024 1:59:50 PM]: Loading CountryGraphics = Rif.txt
[10/03/2024 1:59:50 PM]: Loading CountryGraphics = Rio Grande.txt
[10/03/2024 1:59:50 PM]: Loading CountryGraphics = Romania.txt
[10/03/2024 1:59:50 PM]: Loading CountryGraphics = Rwanda.txt
[10/03/2024 1:59:50 PM]: Loading CountryGraphics = Sami.txt
[10/03/2024 1:59:50 PM]: Loading CountryGraphics = Samoa.txt
[10/03/2024 1:59:50 PM]: Loading CountryGraphics = Sardinia Piedmont.txt
[10/03/2024 1:59:50 PM]: Loading CountryGraphics = Saudi Arabia.txt
[10/03/2024 1:59:50 PM]: Loading CountryGraphics = Saxony.txt
[10/03/2024 1:59:50 PM]: Loading CountryGraphics = Schleswig-Holstein.txt
[10/03/2024 1:59:50 PM]: Loading CountryGraphics = Scotland.txt
[10/03/2024 1:59:50 PM]: Loading CountryGraphics = Senegal.txt
[10/03/2024 1:59:50 PM]: Loading CountryGraphics = Serbia.txt
[10/03/2024 1:59:50 PM]: Loading CountryGraphics = Shanxi.txt
[10/03/2024 1:59:50 PM]: Loading CountryGraphics = Siam.txt
[10/03/2024 1:59:50 PM]: Loading CountryGraphics = Sidamo.txt
[10/03/2024 1:59:50 PM]: Loading CountryGraphics = Sierra Leone.txt
[10/03/2024 1:59:50 PM]: Loading CountryGraphics = Silesia.txt
[10/03/2024 1:59:50 PM]: Loading CountryGraphics = Sinkiang.txt
[10/03/2024 1:59:50 PM]: Loading CountryGraphics = Slovakia.txt
[10/03/2024 1:59:50 PM]: Loading CountryGraphics = Slovenia.txt
[10/03/2024 1:59:50 PM]: Loading CountryGraphics = Solomon.txt
[10/03/2024 1:59:50 PM]: Loading CountryGraphics = Somalia.txt
[10/03/2024 1:59:50 PM]: Loading CountryGraphics = South Africa.txt
[10/03/2024 1:59:50 PM]: Loading CountryGraphics = Soviet Union.txt
[10/03/2024 1:59:50 PM]: Loading CountryGraphics = Spain.txt
[10/03/2024 1:59:50 PM]: Loading CountryGraphics = Sri Lanka.txt
[10/03/2024 1:59:50 PM]: Loading CountryGraphics = Sudan.txt
[10/03/2024 1:59:50 PM]: Loading CountryGraphics = Suriname.txt
[10/03/2024 1:59:50 PM]: Loading CountryGraphics = Sweden.txt
[10/03/2024 1:59:50 PM]: Loading CountryGraphics = Switzerland.txt
[10/03/2024 1:59:50 PM]: Loading CountryGraphics = Syria.txt
[10/03/2024 1:59:50 PM]: Loading CountryGraphics = Tahiti.txt
[10/03/2024 1:59:50 PM]: Loading CountryGraphics = Tajikistan.txt
[10/03/2024 1:59:50 PM]: Loading CountryGraphics = Tannu Tuva.txt
[10/03/2024 1:59:50 PM]: Loading CountryGraphics = Tanzania.txt
[10/03/2024 1:59:50 PM]: Loading CountryGraphics = Tatarstan.txt
[10/03/2024 1:59:50 PM]: Loading CountryGraphics = Taymyria.txt
[10/03/2024 1:59:50 PM]: Loading CountryGraphics = The Two Sicilies.txt
[10/03/2024 1:59:50 PM]: Loading CountryGraphics = Tibet.txt
[10/03/2024 1:59:50 PM]: Loading CountryGraphics = Tigray.txt
[10/03/2024 1:59:50 PM]: Loading CountryGraphics = Togo.txt
[10/03/2024 1:59:50 PM]: Loading CountryGraphics = Transcaucasian Republic.txt
[10/03/2024 1:59:50 PM]: Loading CountryGraphics = Transylvania.txt
[10/03/2024 1:59:50 PM]: Loading CountryGraphics = Trinidad and Tobago.txt
[10/03/2024 1:59:50 PM]: Loading CountryGraphics = Tunisia.txt
[10/03/2024 1:59:50 PM]: Loading CountryGraphics = Turkey.txt
[10/03/2024 1:59:50 PM]: Loading CountryGraphics = Turkmenistan.txt
[10/03/2024 1:59:50 PM]: Loading CountryGraphics = Tuscany.txt
[10/03/2024 1:59:50 PM]: Loading CountryGraphics = Udmurtia.txt
[10/03/2024 1:59:50 PM]: Loading CountryGraphics = Uganda.txt
[10/03/2024 1:59:50 PM]: Loading CountryGraphics = Ukraine.txt
[10/03/2024 1:59:50 PM]: Loading CountryGraphics = United Arab Emirates.txt
[10/03/2024 1:59:50 PM]: Loading CountryGraphics = United Kingdom.txt
[10/03/2024 1:59:50 PM]: Loading CountryGraphics = Upper Volta.txt
[10/03/2024 1:59:50 PM]: Loading CountryGraphics = Uruguay.txt
[10/03/2024 1:59:50 PM]: Loading CountryGraphics = USA.txt
[10/03/2024 1:59:50 PM]: Loading CountryGraphics = USB.txt
[10/03/2024 1:59:50 PM]: Loading CountryGraphics = Uzbekistan.txt
[10/03/2024 1:59:50 PM]: Loading CountryGraphics = Venezula.txt
[10/03/2024 1:59:50 PM]: Loading CountryGraphics = Vietnam.txt
[10/03/2024 1:59:50 PM]: Loading CountryGraphics = Vladivostok.txt
[10/03/2024 1:59:50 PM]: Loading CountryGraphics = Volga Germany.txt
[10/03/2024 1:59:50 PM]: Loading CountryGraphics = Wales.txt
[10/03/2024 1:59:50 PM]: Loading CountryGraphics = Welsh Argentina.txt
[10/03/2024 1:59:50 PM]: Loading CountryGraphics = West Germany.txt
[10/03/2024 1:59:50 PM]: Loading CountryGraphics = Western Sahara.txt
[10/03/2024 1:59:50 PM]: Loading CountryGraphics = Wurtemberg.txt
[10/03/2024 1:59:50 PM]: Loading CountryGraphics = Xibei San Ma.txt
[10/03/2024 1:59:50 PM]: Loading CountryGraphics = Yakutia.txt
[10/03/2024 1:59:50 PM]: Loading CountryGraphics = Yamalia.txt
[10/03/2024 1:59:50 PM]: Loading CountryGraphics = Yeman.txt
[10/03/2024 1:59:50 PM]: Loading CountryGraphics = Yucatan.txt
[10/03/2024 1:59:50 PM]: Loading CountryGraphics = Yugoslavia.txt
[10/03/2024 1:59:50 PM]: Loading CountryGraphics = Yunnan.txt
[10/03/2024 1:59:50 PM]: Loading CountryGraphics = Zambia.txt
[10/03/2024 1:59:50 PM]: Loading CountryGraphics = Zimbabwe.txt
[10/03/2024 1:59:50 PM]: Loading CountryGraphics = Aland.txt
[10/03/2024 1:59:50 PM]: Loading CountryGraphics = Algerie.txt
[10/03/2024 1:59:50 PM]: Loading CountryGraphics = Alwite.txt
[10/03/2024 1:59:50 PM]: Loading CountryGraphics = Amhara.txt
[10/03/2024 1:59:50 PM]: Loading CountryGraphics = Andorra.txt
[10/03/2024 1:59:50 PM]: Loading CountryGraphics = Aragon.txt
[10/03/2024 1:59:50 PM]: Loading CountryGraphics = Arakan.txt
[10/03/2024 1:59:50 PM]: Loading CountryGraphics = Assam.txt
[10/03/2024 1:59:50 PM]: Loading CountryGraphics = Assyria.txt
[10/03/2024 1:59:50 PM]: Loading CountryGraphics = Asturias.txt
[10/03/2024 1:59:50 PM]: Loading CountryGraphics = Bahrain.txt
[10/03/2024 1:59:50 PM]: Loading CountryGraphics = Balochistan.txt
[10/03/2024 1:59:50 PM]: Loading CountryGraphics = Banque_du_National_Paris.txt
[10/03/2024 1:59:50 PM]: Loading CountryGraphics = Barbados.txt
[10/03/2024 1:59:50 PM]: Loading CountryGraphics = Barclays.txt
[10/03/2024 1:59:50 PM]: Loading CountryGraphics = Beni.txt
[10/03/2024 1:59:50 PM]: Loading CountryGraphics = Benin.txt
[10/03/2024 1:59:50 PM]: Loading CountryGraphics = Berlin.txt
[10/03/2024 1:59:50 PM]: Loading CountryGraphics = Biafra.txt
[10/03/2024 1:59:50 PM]: Loading CountryGraphics = Bosnia and Herzegovina.txt
[10/03/2024 1:59:50 PM]: Loading CountryGraphics = British Cameroons.txt
[10/03/2024 1:59:50 PM]: Loading CountryGraphics = British Togoland.txt
[10/03/2024 1:59:50 PM]: Loading CountryGraphics = Brunei.txt
[10/03/2024 1:59:50 PM]: Loading CountryGraphics = Buganda.txt
[10/03/2024 1:59:50 PM]: Loading CountryGraphics = Burkina Faso.txt
[10/03/2024 1:59:50 PM]: Loading CountryGraphics = BurmaCommunist.txt
[10/03/2024 1:59:50 PM]: Loading CountryGraphics = Cabinda.txt
[10/03/2024 1:59:50 PM]: Loading CountryGraphics = California.txt
[10/03/2024 1:59:50 PM]: Loading CountryGraphics = Cape Verde.txt
[10/03/2024 1:59:50 PM]: Loading CountryGraphics = Cascadia.txt
[10/03/2024 1:59:50 PM]: Loading CountryGraphics = catalonia.txt
[10/03/2024 1:59:50 PM]: Loading CountryGraphics = CentralAfrica.txt
[10/03/2024 1:59:50 PM]: Loading CountryGraphics = Chechnya.txt
[10/03/2024 1:59:50 PM]: Loading CountryGraphics = Chin.txt
[10/03/2024 1:59:50 PM]: Loading CountryGraphics = Cochinchina.txt
[10/03/2024 1:59:50 PM]: Loading CountryGraphics = Comoros.txt
[10/03/2024 1:59:50 PM]: Loading CountryGraphics = Coptic.txt
[10/03/2024 1:59:50 PM]: Loading CountryGraphics = Credit_Suisse.txt
[10/03/2024 1:59:50 PM]: Loading CountryGraphics = CubaRevolt.txt
[10/03/2024 1:59:50 PM]: Loading CountryGraphics = Darfur.txt
[10/03/2024 1:59:50 PM]: Loading CountryGraphics = DarulIslam.txt
[10/03/2024 1:59:50 PM]: Loading CountryGraphics = Delta Republic.txt
[10/03/2024 1:59:50 PM]: Loading CountryGraphics = Deutsche_Bank.txt
[10/03/2024 1:59:50 PM]: Loading CountryGraphics = Dominica.txt
[10/03/2024 1:59:50 PM]: Loading CountryGraphics = DominicanRevolt.txt
[10/03/2024 1:59:50 PM]: Loading CountryGraphics = DRCongo.txt
[10/03/2024 1:59:50 PM]: Loading CountryGraphics = Flanders.txt
[10/03/2024 1:59:50 PM]: Loading CountryGraphics = FNLA.txt
[10/03/2024 1:59:50 PM]: Loading CountryGraphics = FRCongo.txt
[10/03/2024 1:59:50 PM]: Loading CountryGraphics = FROLINAT.txt
[10/03/2024 1:59:50 PM]: Loading CountryGraphics = Gagauzia.txt
[10/03/2024 1:59:50 PM]: Loading CountryGraphics = GermanSSR.txt
[10/03/2024 1:59:50 PM]: Loading CountryGraphics = GreeceCommunist.txt
[10/03/2024 1:59:50 PM]: Loading CountryGraphics = Grenada.txt
[10/03/2024 1:59:50 PM]: Loading CountryGraphics = Hausaland.txt
[10/03/2024 1:59:50 PM]: Loading CountryGraphics = Hong Kong.txt
[10/03/2024 1:59:50 PM]: Loading CountryGraphics = Hunan.txt
[10/03/2024 1:59:50 PM]: Loading CountryGraphics = Immamate of Oman.txt
[10/03/2024 1:59:50 PM]: Loading CountryGraphics = JP_Morgan.txt
[10/03/2024 1:59:50 PM]: Loading CountryGraphics = Kachin.txt
[10/03/2024 1:59:50 PM]: Loading CountryGraphics = Kampuchea.txt
[10/03/2024 1:59:50 PM]: Loading CountryGraphics = Karenni.txt
[10/03/2024 1:59:50 PM]: Loading CountryGraphics = Karin.txt
[10/03/2024 1:59:50 PM]: Loading CountryGraphics = Kashmir.txt
[10/03/2024 1:59:50 PM]: Loading CountryGraphics = Katanga.txt
[10/03/2024 1:59:50 PM]: Loading CountryGraphics = Khalistan.txt
[10/03/2024 1:59:50 PM]: Loading CountryGraphics = Kikuyuland.txt
[10/03/2024 1:59:50 PM]: Loading CountryGraphics = KoreanSSR.txt
[10/03/2024 1:59:50 PM]: Loading CountryGraphics = KurdistanCommunist.txt
[10/03/2024 1:59:50 PM]: Loading CountryGraphics = Kwazulu.txt
[10/03/2024 1:59:50 PM]: Loading CountryGraphics = Lakotah.txt
[10/03/2024 1:59:50 PM]: Loading CountryGraphics = Lesotho.txt
[10/03/2024 1:59:50 PM]: Loading CountryGraphics = Liechtenstein.txt
[10/03/2024 1:59:50 PM]: Loading CountryGraphics = LOPA.txt
[10/03/2024 1:59:50 PM]: Loading CountryGraphics = Malaya.txt
[10/03/2024 1:59:50 PM]: Loading CountryGraphics = Manchuria.txt
[10/03/2024 1:59:50 PM]: Loading CountryGraphics = Martinique.txt
[10/03/2024 1:59:50 PM]: Loading CountryGraphics = Martyazo.txt
[10/03/2024 1:59:50 PM]: Loading CountryGraphics = Mauritius.txt
[10/03/2024 1:59:50 PM]: Loading CountryGraphics = Meo.txt
[10/03/2024 1:59:50 PM]: Loading CountryGraphics = Mitsubishi_Bank.txt
[10/03/2024 1:59:50 PM]: Loading CountryGraphics = Mon.txt
[10/03/2024 1:59:50 PM]: Loading CountryGraphics = Monaco.txt
[10/03/2024 1:59:50 PM]: Loading CountryGraphics = Muong.txt
[10/03/2024 1:59:50 PM]: Loading CountryGraphics = Myanmar.txt
[10/03/2024 1:59:50 PM]: Loading CountryGraphics = Nagorno-Karabakh.txt
[10/03/2024 1:59:50 PM]: Loading CountryGraphics = Nauru.txt
[10/03/2024 1:59:50 PM]: Loading CountryGraphics = NewAfrika.txt
[10/03/2024 1:59:50 PM]: Loading CountryGraphics = Newfoundland.txt
[10/03/2024 1:59:50 PM]: Loading CountryGraphics = North Borneo.txt
[10/03/2024 1:59:50 PM]: Loading CountryGraphics = Northern Cyprus.txt
[10/03/2024 1:59:50 PM]: Loading CountryGraphics = NorthKorea.txt
[10/03/2024 1:59:50 PM]: Loading CountryGraphics = NorthVietnam.txt
[10/03/2024 1:59:50 PM]: Loading CountryGraphics = Nung.txt
[10/03/2024 1:59:50 PM]: Loading CountryGraphics = Oduduwa.txt
[10/03/2024 1:59:50 PM]: Loading CountryGraphics = Oranje.txt
[10/03/2024 1:59:50 PM]: Loading CountryGraphics = Oromia.txt
[10/03/2024 1:59:50 PM]: Loading CountryGraphics = Palau.txt
[10/03/2024 1:59:50 PM]: Loading CountryGraphics = Peru _Com.txt
[10/03/2024 1:59:50 PM]: Loading CountryGraphics = Phu Quoc.txt
[10/03/2024 1:59:50 PM]: Loading CountryGraphics = RCongo.txt
[10/03/2024 1:59:50 PM]: Loading CountryGraphics = Rohingya.txt
[10/03/2024 1:59:50 PM]: Loading CountryGraphics = Saarland.txt
[10/03/2024 1:59:50 PM]: Loading CountryGraphics = Sahrawi.txt
[10/03/2024 1:59:50 PM]: Loading CountryGraphics = Saint Lucia.txt
[10/03/2024 1:59:50 PM]: Loading CountryGraphics = Saint Vincent.txt
[10/03/2024 1:59:50 PM]: Loading CountryGraphics = San Marino.txt
[10/03/2024 1:59:50 PM]: Loading CountryGraphics = Sao Tome.txt
[10/03/2024 1:59:50 PM]: Loading CountryGraphics = Sarawak.txt
[10/03/2024 1:59:50 PM]: Loading CountryGraphics = Seychelles.txt
[10/03/2024 1:59:50 PM]: Loading CountryGraphics = Shan.txt
[10/03/2024 1:59:50 PM]: Loading CountryGraphics = Shuray-e Eatelaf.txt
[10/03/2024 1:59:50 PM]: Loading CountryGraphics = Sichuan.txt
[10/03/2024 1:59:50 PM]: Loading CountryGraphics = Sidama.txt
[10/03/2024 1:59:50 PM]: Loading CountryGraphics = Sikkim.txt
[10/03/2024 1:59:50 PM]: Loading CountryGraphics = Sindhudesh.txt
[10/03/2024 1:59:50 PM]: Loading CountryGraphics = Singapore.txt
[10/03/2024 1:59:50 PM]: Loading CountryGraphics = Skane.txt
[10/03/2024 1:59:50 PM]: Loading CountryGraphics = SocialistTurkey.txt
[10/03/2024 1:59:50 PM]: Loading CountryGraphics = Solomon Islands.txt
[10/03/2024 1:59:50 PM]: Loading CountryGraphics = Somaliland.txt
[10/03/2024 1:59:50 PM]: Loading CountryGraphics = SomaliRepublic.txt
[10/03/2024 1:59:50 PM]: Loading CountryGraphics = South African Republic.txt
[10/03/2024 1:59:50 PM]: Loading CountryGraphics = South Kasai.txt
[10/03/2024 1:59:50 PM]: Loading CountryGraphics = South Maluku.txt
[10/03/2024 1:59:50 PM]: Loading CountryGraphics = South Ossetia.txt
[10/03/2024 1:59:50 PM]: Loading CountryGraphics = South Sudan.txt
[10/03/2024 1:59:50 PM]: Loading CountryGraphics = South Yemen.txt
[10/03/2024 1:59:50 PM]: Loading CountryGraphics = Srpska.txt
[10/03/2024 1:59:50 PM]: Loading CountryGraphics = Sulawesi.txt
[10/03/2024 1:59:50 PM]: Loading CountryGraphics = Swaziland.txt
[10/03/2024 1:59:50 PM]: Loading CountryGraphics = Tai.txt
[10/03/2024 1:59:50 PM]: Loading CountryGraphics = Taliban.txt
[10/03/2024 1:59:50 PM]: Loading CountryGraphics = Tangier.txt
[10/03/2024 1:59:50 PM]: Loading CountryGraphics = Tay.txt
[10/03/2024 1:59:50 PM]: Loading CountryGraphics = Texas.txt
[10/03/2024 1:59:50 PM]: Loading CountryGraphics = Thailandcommunist.txt
[10/03/2024 1:59:50 PM]: Loading CountryGraphics = The Gambia.txt
[10/03/2024 1:59:50 PM]: Loading CountryGraphics = Tonga.txt
[10/03/2024 1:59:50 PM]: Loading CountryGraphics = Transnistria.txt
[10/03/2024 1:59:50 PM]: Loading CountryGraphics = Transvaal.txt
[10/03/2024 1:59:50 PM]: Loading CountryGraphics = Trieste.txt
[10/03/2024 1:59:50 PM]: Loading CountryGraphics = Tuareg.txt
[10/03/2024 1:59:50 PM]: Loading CountryGraphics = TurkeyCommunist.txt
[10/03/2024 1:59:50 PM]: Loading CountryGraphics = Turkmenland.txt
[10/03/2024 1:59:50 PM]: Loading CountryGraphics = UAE.txt
[10/03/2024 1:59:50 PM]: Loading CountryGraphics = UIA.txt
[10/03/2024 1:59:50 PM]: Loading CountryGraphics = Ulster.txt
[10/03/2024 1:59:50 PM]: Loading CountryGraphics = UN.txt
[10/03/2024 1:59:50 PM]: Loading CountryGraphics = UNITA.txt
[10/03/2024 1:59:50 PM]: Loading CountryGraphics = UTO.txt
[10/03/2024 1:59:50 PM]: Loading CountryGraphics = Vatican City.txt
[10/03/2024 1:59:50 PM]: Loading CountryGraphics = Vojvodina.txt
[10/03/2024 1:59:50 PM]: Loading CountryGraphics = Wallonia.txt
[10/03/2024 1:59:50 PM]: Loading CountryGraphics = Waziristan.txt
[10/03/2024 1:59:50 PM]: Loading CountryGraphics = West Papua.txt
[10/03/2024 1:59:50 PM]: Loading CountryGraphics = World_Bank.txt
[10/03/2024 1:59:50 PM]: Loading CountryGraphics = WP_CAP.txt
[10/03/2024 1:59:50 PM]: Loading CountryGraphics = WP_CUM.txt
[10/03/2024 1:59:50 PM]: Loading CountryGraphics = WP_IND.txt
[10/03/2024 1:59:50 PM]: Loading CountryGraphics = WP_MAO.txt
[10/03/2024 1:59:50 PM]: Loading CountryGraphics = YANSA.txt
[10/03/2024 1:59:50 PM]: Loading CountryGraphics = Zanzibar.txt
[10/03/2024 1:59:50 PM]: Loading CountryGraphics = Zapatista.txt
[10/03/2024 1:59:50 PM]: WARNING: WARNING_COUNTRY_TAGS_PARSING_INLINE_FILEPATH_FILE_DOESNT_EXISTS, Values: dictionary = { {"{inlineFilePath}" = "common\countries/ThailandCommunist.txt", {"{countryTag}" = "TTM", {"{filePath}" = "C:\Users\Luke\Documents\Paradox Interactive\Hearts of Iron IV\mod\ColdWarIronCurtain\Cold War Iron Curtain\common\country_tags\00_countries.txt", }
[10/03/2024 1:59:50 PM]: WARNING: WARNING_COUNTRY_TAGS_PARSING_INLINE_FILEPATH_FILE_DOESNT_EXISTS, Values: dictionary = { {"{inlineFilePath}" = "common\countries/Peru_Com.txt", {"{countryTag}" = "PCP", {"{filePath}" = "C:\Users\Luke\Documents\Paradox Interactive\Hearts of Iron IV\mod\ColdWarIronCurtain\Cold War Iron Curtain\common\country_tags\00_countries.txt", }
[10/03/2024 1:59:50 PM]: Perform action MAP_TAB_PROGRESSBAR_LOADING_RESOURCES (8/13)...
[10/03/2024 1:59:50 PM]: Perform action MAP_TAB_PROGRESSBAR_LOADING_STATE_CATEGORIES (9/13)...
[10/03/2024 1:59:50 PM]: Perform action MAP_TAB_PROGRESSBAR_LOADING_IDEOLOGIES (10/13)...
[10/03/2024 1:59:50 PM]: Perform action MAP_TAB_PROGRESSBAR_LOADING_PROVINCES_DEFINITION (11/13)...
[10/03/2024 1:59:50 PM]: ERROR: ERROR_PROVINCE_INCORRECT_TERRAIN_VALUE, Values: dictionary = { {"{lineIndex}" = "16649", {"{provinceId}" = "16649", {"{provinceTerrain}" = "true", }
[10/03/2024 1:59:50 PM]: Perform action MAP_TAB_PROGRESSBAR_LOADING_STATES (12/13)...
[10/03/2024 1:59:50 PM]: Loading of States started
[10/03/2024 1:59:50 PM]: ERROR: ERROR_WHILE_STATE_LOADING, Values: dictionary = { {"{stateId}" = "109", {"{filePath}" = "C:\Users\Luke\Documents\Paradox Interactive\Hearts of Iron IV\mod\ColdWarIronCurtain\Cold War Iron Curtain\history\states\109-Eastern Croatia.txt", }
[10/03/2024 1:59:50 PM]: EXCEPTION AS ERROR: ERROR_WHILE_STATE_LOADING, Values: dictionary = { {"{stateId}" = "109", {"{filePath}" = "C:\Users\Luke\Documents\Paradox Interactive\Hearts of Iron IV\mod\ColdWarIronCurtain\Cold War Iron Curtain\history\states\109-Eastern Croatia.txt", }, Exception: System.Exception: The state with id = 109 in "history" block has "victory_points" with 10 points for the province with id = 11581, but the province already had VP = 10.
   at HOI4ModBuilder.src.hoiDataObjects.history.states.StateHistory.TokenCallback(ParadoxParser parser, String token)
   at Pdoxcl2Sharp.ParadoxParser.<>c__DisplayClass36_0.<Parse>b__0()
   at Pdoxcl2Sharp.ParadoxParser.DoWhileBracket(Action act)
   at Pdoxcl2Sharp.ParadoxParser.Parse(Action`2 action)
   at Pdoxcl2Sharp.ParadoxParser.Parse[T](T innerStructure)
   at HOI4ModBuilder.hoiDataObjects.map.State.TokenCallback(ParadoxParser parser, String token)
   at Pdoxcl2Sharp.ParadoxParser.<>c__DisplayClass36_0.<Parse>b__0()
   at Pdoxcl2Sharp.ParadoxParser.DoWhileBracket(Action act)
   at Pdoxcl2Sharp.ParadoxParser.Parse(Action`2 action)
   at Pdoxcl2Sharp.ParadoxParser.Parse[T](T innerStructure)
   at HOI4ModBuilder.src.hoiDataObjects.history.states.StateManager.TokenCallback(ParadoxParser parser, String token)

[10/03/2024 1:59:50 PM]: ERROR: ERROR_WHILE_STATE_LOADING, Values: dictionary = { {"{stateId}" = "1193", {"{filePath}" = "C:\Users\Luke\Documents\Paradox Interactive\Hearts of Iron IV\mod\ColdWarIronCurtain\Cold War Iron Curtain\history\states\1193-Tamale.txt", }
[10/03/2024 1:59:50 PM]: EXCEPTION AS ERROR: ERROR_WHILE_STATE_LOADING, Values: dictionary = { {"{stateId}" = "1193", {"{filePath}" = "C:\Users\Luke\Documents\Paradox Interactive\Hearts of Iron IV\mod\ColdWarIronCurtain\Cold War Iron Curtain\history\states\1193-Tamale.txt", }, Exception: System.Exception: The state with id = 1193 in "history" block has "victory_points" with 5 points for the province with id = 6140, but the province already had VP = 3.
   at HOI4ModBuilder.src.hoiDataObjects.history.states.StateHistory.TokenCallback(ParadoxParser parser, String token)
   at Pdoxcl2Sharp.ParadoxParser.<>c__DisplayClass36_0.<Parse>b__0()
   at Pdoxcl2Sharp.ParadoxParser.DoWhileBracket(Action act)
   at Pdoxcl2Sharp.ParadoxParser.Parse(Action`2 action)
   at Pdoxcl2Sharp.ParadoxParser.Parse[T](T innerStructure)
   at HOI4ModBuilder.hoiDataObjects.map.State.TokenCallback(ParadoxParser parser, String token)
   at Pdoxcl2Sharp.ParadoxParser.<>c__DisplayClass36_0.<Parse>b__0()
   at Pdoxcl2Sharp.ParadoxParser.DoWhileBracket(Action act)
   at Pdoxcl2Sharp.ParadoxParser.Parse(Action`2 action)
   at Pdoxcl2Sharp.ParadoxParser.Parse[T](T innerStructure)
   at HOI4ModBuilder.src.hoiDataObjects.history.states.StateManager.TokenCallback(ParadoxParser parser, String token)

[10/03/2024 1:59:51 PM]: ERROR: ERROR_WHILE_STATE_LOADING, Values: dictionary = { {"{stateId}" = "1834", {"{filePath}" = "C:\Users\Luke\Documents\Paradox Interactive\Hearts of Iron IV\mod\ColdWarIronCurtain\Cold War Iron Curtain\history\states\1834-Santander.txt", }
[10/03/2024 1:59:51 PM]: EXCEPTION AS ERROR: ERROR_WHILE_STATE_LOADING, Values: dictionary = { {"{stateId}" = "1834", {"{filePath}" = "C:\Users\Luke\Documents\Paradox Interactive\Hearts of Iron IV\mod\ColdWarIronCurtain\Cold War Iron Curtain\history\states\1834-Santander.txt", }, Exception: System.Exception: The state with id = 1834 in "history" block has "victory_points" with 1 points for the province with id = 15891, but the province already had VP = 2.
   at HOI4ModBuilder.src.hoiDataObjects.history.states.StateHistory.TokenCallback(ParadoxParser parser, String token)
   at Pdoxcl2Sharp.ParadoxParser.<>c__DisplayClass36_0.<Parse>b__0()
   at Pdoxcl2Sharp.ParadoxParser.DoWhileBracket(Action act)
   at Pdoxcl2Sharp.ParadoxParser.Parse(Action`2 action)
   at Pdoxcl2Sharp.ParadoxParser.Parse[T](T innerStructure)
   at HOI4ModBuilder.hoiDataObjects.map.State.TokenCallback(ParadoxParser parser, String token)
   at Pdoxcl2Sharp.ParadoxParser.<>c__DisplayClass36_0.<Parse>b__0()
   at Pdoxcl2Sharp.ParadoxParser.DoWhileBracket(Action act)
   at Pdoxcl2Sharp.ParadoxParser.Parse(Action`2 action)
   at Pdoxcl2Sharp.ParadoxParser.Parse[T](T innerStructure)
   at HOI4ModBuilder.src.hoiDataObjects.history.states.StateManager.TokenCallback(ParadoxParser parser, String token)

[10/03/2024 1:59:51 PM]: ERROR: ERROR_WHILE_STATE_LOADING, Values: dictionary = { {"{stateId}" = "286", {"{filePath}" = "C:\Users\Luke\Documents\Paradox Interactive\Hearts of Iron IV\mod\ColdWarIronCurtain\Cold War Iron Curtain\history\states\286-Gia Dinh.txt", }
[10/03/2024 1:59:51 PM]: EXCEPTION AS ERROR: ERROR_WHILE_STATE_LOADING, Values: dictionary = { {"{stateId}" = "286", {"{filePath}" = "C:\Users\Luke\Documents\Paradox Interactive\Hearts of Iron IV\mod\ColdWarIronCurtain\Cold War Iron Curtain\history\states\286-Gia Dinh.txt", }, Exception: System.Exception: The exception has occured while parsing "history" block in State with id = 286. Check the block with name "set_province_name". ---> System.Exception: Could not parse value "4401" for block or universal parameter with name "id" because it has not allowed value type. Allowed value types for this "id" are: INT
   at HOI4ModBuilder.src.dataObjects.DataArgsBlocksManager.Parse(ParadoxParser parser, DataArgsBlock dataBlock, EnumNewArgsBlockValueType[] allowedTypes, EnumDemiliter[] allowedDemiliters)
   at HOI4ModBuilder.src.dataObjects.DataArgsBlocksManager.TryParseBlockValue(ParadoxParser parser, DataArgsBlock dataBlock)
   at HOI4ModBuilder.src.dataObjects.DataArgsBlocksManager.<ParseDataArgsBlock>g__TryParseInnerBlocks|5_0(<>c__DisplayClass5_0& )
   at HOI4ModBuilder.src.dataObjects.DataArgsBlocksManager.ParseDataArgsBlock(ParadoxParser parser, DataArgsBlock currentDataBlock, String token, List`1 currentLevelDataBlocks, List`1 innerLevelDataBlocks)
   at HOI4ModBuilder.src.dataObjects.argBlocks.DataArgsBlock.TokenCallback(ParadoxParser parser, String token)
   at Pdoxcl2Sharp.ParadoxParser.<>c__DisplayClass36_0.<Parse>b__0()
   at Pdoxcl2Sharp.ParadoxParser.DoWhileBracket(Action act)
   at Pdoxcl2Sharp.ParadoxParser.Parse(Action`2 action)
   at Pdoxcl2Sharp.ParadoxParser.Parse[T](T innerStructure)
   at HOI4ModBuilder.src.dataObjects.DataArgsBlocksManager.<ParseDataArgsBlock>g__TryParseOtherJSONBlocks|5_2(<>c__DisplayClass5_0& )
   at HOI4ModBuilder.src.dataObjects.DataArgsBlocksManager.ParseDataArgsBlock(ParadoxParser parser, DataArgsBlock currentDataBlock, String token, List`1 currentLevelDataBlocks, List`1 innerLevelDataBlocks)
   at HOI4ModBuilder.src.hoiDataObjects.history.states.StateHistory.TokenCallback(ParadoxParser parser, String token)
   --- End of inner exception stack trace ---
   at HOI4ModBuilder.src.hoiDataObjects.history.states.StateHistory.TokenCallback(ParadoxParser parser, String token)
   at Pdoxcl2Sharp.ParadoxParser.<>c__DisplayClass36_0.<Parse>b__0()
   at Pdoxcl2Sharp.ParadoxParser.DoWhileBracket(Action act)
   at Pdoxcl2Sharp.ParadoxParser.Parse(Action`2 action)
   at Pdoxcl2Sharp.ParadoxParser.Parse[T](T innerStructure)
   at HOI4ModBuilder.src.hoiDataObjects.history.states.StateHistory.TokenCallback(ParadoxParser parser, String token)
   at Pdoxcl2Sharp.ParadoxParser.<>c__DisplayClass36_0.<Parse>b__0()
   at Pdoxcl2Sharp.ParadoxParser.DoWhileBracket(Action act)
   at Pdoxcl2Sharp.ParadoxParser.Parse(Action`2 action)
   at Pdoxcl2Sharp.ParadoxParser.Parse[T](T innerStructure)
   at HOI4ModBuilder.hoiDataObjects.map.State.TokenCallback(ParadoxParser parser, String token)
   at Pdoxcl2Sharp.ParadoxParser.<>c__DisplayClass36_0.<Parse>b__0()
   at Pdoxcl2Sharp.ParadoxParser.DoWhileBracket(Action act)
   at Pdoxcl2Sharp.ParadoxParser.Parse(Action`2 action)
   at Pdoxcl2Sharp.ParadoxParser.Parse[T](T innerStructure)
   at HOI4ModBuilder.src.hoiDataObjects.history.states.StateManager.TokenCallback(ParadoxParser parser, String token)

[10/03/2024 1:59:51 PM]: ERROR: ERROR_WHILE_STATE_LOADING, Values: dictionary = { {"{stateId}" = "327", {"{filePath}" = "C:\Users\Luke\Documents\Paradox Interactive\Hearts of Iron IV\mod\ColdWarIronCurtain\Cold War Iron Curtain\history\states\327-Philippines.txt", }
[10/03/2024 1:59:51 PM]: EXCEPTION AS ERROR: ERROR_WHILE_STATE_LOADING, Values: dictionary = { {"{stateId}" = "327", {"{filePath}" = "C:\Users\Luke\Documents\Paradox Interactive\Hearts of Iron IV\mod\ColdWarIronCurtain\Cold War Iron Curtain\history\states\327-Philippines.txt", }, Exception: System.Exception: The state with id = 327 in "history" block has "victory_points" with 1 points for the province with id = 1221, but the province already had VP = 1.
   at HOI4ModBuilder.src.hoiDataObjects.history.states.StateHistory.TokenCallback(ParadoxParser parser, String token)
   at Pdoxcl2Sharp.ParadoxParser.<>c__DisplayClass36_0.<Parse>b__0()
   at Pdoxcl2Sharp.ParadoxParser.DoWhileBracket(Action act)
   at Pdoxcl2Sharp.ParadoxParser.Parse(Action`2 action)
   at Pdoxcl2Sharp.ParadoxParser.Parse[T](T innerStructure)
   at HOI4ModBuilder.hoiDataObjects.map.State.TokenCallback(ParadoxParser parser, String token)
   at Pdoxcl2Sharp.ParadoxParser.<>c__DisplayClass36_0.<Parse>b__0()
   at Pdoxcl2Sharp.ParadoxParser.DoWhileBracket(Action act)
   at Pdoxcl2Sharp.ParadoxParser.Parse(Action`2 action)
   at Pdoxcl2Sharp.ParadoxParser.Parse[T](T innerStructure)
   at HOI4ModBuilder.src.hoiDataObjects.history.states.StateManager.TokenCallback(ParadoxParser parser, String token)

[10/03/2024 1:59:51 PM]: ERROR: ERROR_WHILE_STATE_LOADING, Values: dictionary = { {"{stateId}" = "593", {"{filePath}" = "C:\Users\Luke\Documents\Paradox Interactive\Hearts of Iron IV\mod\ColdWarIronCurtain\Cold War Iron Curtain\history\states\593-Guangdong.txt", }
[10/03/2024 1:59:51 PM]: EXCEPTION AS ERROR: ERROR_WHILE_STATE_LOADING, Values: dictionary = { {"{stateId}" = "593", {"{filePath}" = "C:\Users\Luke\Documents\Paradox Interactive\Hearts of Iron IV\mod\ColdWarIronCurtain\Cold War Iron Curtain\history\states\593-Guangdong.txt", }, Exception: System.Exception: The state with id = 593 in "history" block has "victory_points" with 1 points for the province with id = 7214, but the province already had VP = 5.
   at HOI4ModBuilder.src.hoiDataObjects.history.states.StateHistory.TokenCallback(ParadoxParser parser, String token)
   at Pdoxcl2Sharp.ParadoxParser.<>c__DisplayClass36_0.<Parse>b__0()
   at Pdoxcl2Sharp.ParadoxParser.DoWhileBracket(Action act)
   at Pdoxcl2Sharp.ParadoxParser.Parse(Action`2 action)
   at Pdoxcl2Sharp.ParadoxParser.Parse[T](T innerStructure)
   at HOI4ModBuilder.hoiDataObjects.map.State.TokenCallback(ParadoxParser parser, String token)
   at Pdoxcl2Sharp.ParadoxParser.<>c__DisplayClass36_0.<Parse>b__0()
   at Pdoxcl2Sharp.ParadoxParser.DoWhileBracket(Action act)
   at Pdoxcl2Sharp.ParadoxParser.Parse(Action`2 action)
   at Pdoxcl2Sharp.ParadoxParser.Parse[T](T innerStructure)
   at HOI4ModBuilder.src.hoiDataObjects.history.states.StateManager.TokenCallback(ParadoxParser parser, String token)

[10/03/2024 1:59:51 PM]: ERROR: ERROR_WHILE_STATE_LOADING, Values: dictionary = { {"{stateId}" = "676", {"{filePath}" = "C:\Users\Luke\Documents\Paradox Interactive\Hearts of Iron IV\mod\ColdWarIronCurtain\Cold War Iron Curtain\history\states\676-Mosul.txt", }
[10/03/2024 1:59:51 PM]: EXCEPTION AS ERROR: ERROR_WHILE_STATE_LOADING, Values: dictionary = { {"{stateId}" = "676", {"{filePath}" = "C:\Users\Luke\Documents\Paradox Interactive\Hearts of Iron IV\mod\ColdWarIronCurtain\Cold War Iron Curtain\history\states\676-Mosul.txt", }, Exception: System.Exception: The exception has occured while parsing "history" block in State with id = 676. Check the block with name "set_state_name". ---> System.Exception: Could not parse value "Nineveh" for block or universal parameter with name "set_state_name" because it has not allowed value type. Allowed value types for this "set_state_name" are: NAME
   at HOI4ModBuilder.src.dataObjects.DataArgsBlocksManager.Parse(ParadoxParser parser, DataArgsBlock dataBlock, EnumNewArgsBlockValueType[] allowedTypes, EnumDemiliter[] allowedDemiliters)
   at HOI4ModBuilder.src.dataObjects.DataArgsBlocksManager.TryParseBlockValue(ParadoxParser parser, DataArgsBlock dataBlock)
   at HOI4ModBuilder.src.dataObjects.DataArgsBlocksManager.<ParseDataArgsBlock>g__TryParseOtherJSONBlocks|5_2(<>c__DisplayClass5_0& )
   at HOI4ModBuilder.src.dataObjects.DataArgsBlocksManager.ParseDataArgsBlock(ParadoxParser parser, DataArgsBlock currentDataBlock, String token, List`1 currentLevelDataBlocks, List`1 innerLevelDataBlocks)
   at HOI4ModBuilder.src.hoiDataObjects.history.states.StateHistory.TokenCallback(ParadoxParser parser, String token)
   --- End of inner exception stack trace ---
   at HOI4ModBuilder.src.hoiDataObjects.history.states.StateHistory.TokenCallback(ParadoxParser parser, String token)
   at Pdoxcl2Sharp.ParadoxParser.<>c__DisplayClass36_0.<Parse>b__0()
   at Pdoxcl2Sharp.ParadoxParser.DoWhileBracket(Action act)
   at Pdoxcl2Sharp.ParadoxParser.Parse(Action`2 action)
   at Pdoxcl2Sharp.ParadoxParser.Parse[T](T innerStructure)
   at HOI4ModBuilder.src.hoiDataObjects.history.states.StateHistory.TokenCallback(ParadoxParser parser, String token)
   at Pdoxcl2Sharp.ParadoxParser.<>c__DisplayClass36_0.<Parse>b__0()
   at Pdoxcl2Sharp.ParadoxParser.DoWhileBracket(Action act)
   at Pdoxcl2Sharp.ParadoxParser.Parse(Action`2 action)
   at Pdoxcl2Sharp.ParadoxParser.Parse[T](T innerStructure)
   at HOI4ModBuilder.hoiDataObjects.map.State.TokenCallback(ParadoxParser parser, String token)
   at Pdoxcl2Sharp.ParadoxParser.<>c__DisplayClass36_0.<Parse>b__0()
   at Pdoxcl2Sharp.ParadoxParser.DoWhileBracket(Action act)
   at Pdoxcl2Sharp.ParadoxParser.Parse(Action`2 action)
   at Pdoxcl2Sharp.ParadoxParser.Parse[T](T innerStructure)
   at HOI4ModBuilder.src.hoiDataObjects.history.states.StateManager.TokenCallback(ParadoxParser parser, String token)

[10/03/2024 1:59:51 PM]: ERROR: ERROR_WHILE_STATE_LOADING, Values: dictionary = { {"{stateId}" = "717", {"{filePath}" = "C:\Users\Luke\Documents\Paradox Interactive\Hearts of Iron IV\mod\ColdWarIronCurtain\Cold War Iron Curtain\history\states\717-Chuho.txt", }
[10/03/2024 1:59:51 PM]: EXCEPTION AS ERROR: ERROR_WHILE_STATE_LOADING, Values: dictionary = { {"{stateId}" = "717", {"{filePath}" = "C:\Users\Luke\Documents\Paradox Interactive\Hearts of Iron IV\mod\ColdWarIronCurtain\Cold War Iron Curtain\history\states\717-Chuho.txt", }, Exception: System.Exception: The state with id = 717 in "history" block has "buildings" block with provincial building named "naval_base" that is set not for specific province by it's province id.
   at HOI4ModBuilder.src.hoiDataObjects.history.states.StateBuildingsDictionary.TokenCallback(ParadoxParser parser, String token)
   at Pdoxcl2Sharp.ParadoxParser.<>c__DisplayClass36_0.<Parse>b__0()
   at Pdoxcl2Sharp.ParadoxParser.DoWhileBracket(Action act)
   at Pdoxcl2Sharp.ParadoxParser.Parse(Action`2 action)
   at Pdoxcl2Sharp.ParadoxParser.Parse[T](T innerStructure)
   at HOI4ModBuilder.src.hoiDataObjects.history.states.StateHistory.TokenCallback(ParadoxParser parser, String token)
   at Pdoxcl2Sharp.ParadoxParser.<>c__DisplayClass36_0.<Parse>b__0()
   at Pdoxcl2Sharp.ParadoxParser.DoWhileBracket(Action act)
   at Pdoxcl2Sharp.ParadoxParser.Parse(Action`2 action)
   at Pdoxcl2Sharp.ParadoxParser.Parse[T](T innerStructure)
   at HOI4ModBuilder.hoiDataObjects.map.State.TokenCallback(ParadoxParser parser, String token)
   at Pdoxcl2Sharp.ParadoxParser.<>c__DisplayClass36_0.<Parse>b__0()
   at Pdoxcl2Sharp.ParadoxParser.DoWhileBracket(Action act)
   at Pdoxcl2Sharp.ParadoxParser.Parse(Action`2 action)
   at Pdoxcl2Sharp.ParadoxParser.Parse[T](T innerStructure)
   at HOI4ModBuilder.src.hoiDataObjects.history.states.StateManager.TokenCallback(ParadoxParser parser, String token)

[10/03/2024 1:59:51 PM]: ERROR: ERROR_WHILE_STATE_LOADING, Values: dictionary = { {"{stateId}" = "731", {"{filePath}" = "C:\Users\Luke\Documents\Paradox Interactive\Hearts of Iron IV\mod\ColdWarIronCurtain\Cold War Iron Curtain\history\states\731-Central Macedonia.txt", }
[10/03/2024 1:59:51 PM]: EXCEPTION AS ERROR: ERROR_WHILE_STATE_LOADING, Values: dictionary = { {"{stateId}" = "731", {"{filePath}" = "C:\Users\Luke\Documents\Paradox Interactive\Hearts of Iron IV\mod\ColdWarIronCurtain\Cold War Iron Curtain\history\states\731-Central Macedonia.txt", }, Exception: System.Exception: The state with id = 731 in "history" block has "victory_points" with 10 points for the province with id = 11818, but the province already had VP = 10.
   at HOI4ModBuilder.src.hoiDataObjects.history.states.StateHistory.TokenCallback(ParadoxParser parser, String token)
   at Pdoxcl2Sharp.ParadoxParser.<>c__DisplayClass36_0.<Parse>b__0()
   at Pdoxcl2Sharp.ParadoxParser.DoWhileBracket(Action act)
   at Pdoxcl2Sharp.ParadoxParser.Parse(Action`2 action)
   at Pdoxcl2Sharp.ParadoxParser.Parse[T](T innerStructure)
   at HOI4ModBuilder.hoiDataObjects.map.State.TokenCallback(ParadoxParser parser, String token)
   at Pdoxcl2Sharp.ParadoxParser.<>c__DisplayClass36_0.<Parse>b__0()
   at Pdoxcl2Sharp.ParadoxParser.DoWhileBracket(Action act)
   at Pdoxcl2Sharp.ParadoxParser.Parse(Action`2 action)
   at Pdoxcl2Sharp.ParadoxParser.Parse[T](T innerStructure)
   at HOI4ModBuilder.src.hoiDataObjects.history.states.StateManager.TokenCallback(ParadoxParser parser, String token)

[10/03/2024 1:59:51 PM]: ERROR: ERROR_WHILE_STATE_LOADING, Values: dictionary = { {"{stateId}" = "761", {"{filePath}" = "C:\Users\Luke\Documents\Paradox Interactive\Hearts of Iron IV\mod\ColdWarIronCurtain\Cold War Iron Curtain\history\states\761-Togo.txt", }
[10/03/2024 1:59:51 PM]: EXCEPTION AS ERROR: ERROR_WHILE_STATE_LOADING, Values: dictionary = { {"{stateId}" = "761", {"{filePath}" = "C:\Users\Luke\Documents\Paradox Interactive\Hearts of Iron IV\mod\ColdWarIronCurtain\Cold War Iron Curtain\history\states\761-Togo.txt", }, Exception: System.Exception: The state with id = 761 in "history" block has "victory_points" with 5 points for the province with id = 14252, but the province already had VP = 5.
   at HOI4ModBuilder.src.hoiDataObjects.history.states.StateHistory.TokenCallback(ParadoxParser parser, String token)
   at Pdoxcl2Sharp.ParadoxParser.<>c__DisplayClass36_0.<Parse>b__0()
   at Pdoxcl2Sharp.ParadoxParser.DoWhileBracket(Action act)
   at Pdoxcl2Sharp.ParadoxParser.Parse(Action`2 action)
   at Pdoxcl2Sharp.ParadoxParser.Parse[T](T innerStructure)
   at HOI4ModBuilder.hoiDataObjects.map.State.TokenCallback(ParadoxParser parser, String token)
   at Pdoxcl2Sharp.ParadoxParser.<>c__DisplayClass36_0.<Parse>b__0()
   at Pdoxcl2Sharp.ParadoxParser.DoWhileBracket(Action act)
   at Pdoxcl2Sharp.ParadoxParser.Parse(Action`2 action)
   at Pdoxcl2Sharp.ParadoxParser.Parse[T](T innerStructure)
   at HOI4ModBuilder.src.hoiDataObjects.history.states.StateManager.TokenCallback(ParadoxParser parser, String token)

[10/03/2024 1:59:51 PM]: ERROR: ERROR_WHILE_STATE_LOADING, Values: dictionary = { {"{stateId}" = "811", {"{filePath}" = "C:\Users\Luke\Documents\Paradox Interactive\Hearts of Iron IV\mod\ColdWarIronCurtain\Cold War Iron Curtain\history\states\811-Kirkuk.txt", }
[10/03/2024 1:59:51 PM]: EXCEPTION AS ERROR: ERROR_WHILE_STATE_LOADING, Values: dictionary = { {"{stateId}" = "811", {"{filePath}" = "C:\Users\Luke\Documents\Paradox Interactive\Hearts of Iron IV\mod\ColdWarIronCurtain\Cold War Iron Curtain\history\states\811-Kirkuk.txt", }, Exception: System.Exception: The exception has occured while parsing "history" block in State with id = 811. Check the block with name "set_state_name". ---> System.Exception: Could not parse value "At-Ta'mim" for block or universal parameter with name "set_state_name" because it has not allowed value type. Allowed value types for this "set_state_name" are: NAME
   at HOI4ModBuilder.src.dataObjects.DataArgsBlocksManager.Parse(ParadoxParser parser, DataArgsBlock dataBlock, EnumNewArgsBlockValueType[] allowedTypes, EnumDemiliter[] allowedDemiliters)
   at HOI4ModBuilder.src.dataObjects.DataArgsBlocksManager.TryParseBlockValue(ParadoxParser parser, DataArgsBlock dataBlock)
   at HOI4ModBuilder.src.dataObjects.DataArgsBlocksManager.<ParseDataArgsBlock>g__TryParseOtherJSONBlocks|5_2(<>c__DisplayClass5_0& )
   at HOI4ModBuilder.src.dataObjects.DataArgsBlocksManager.ParseDataArgsBlock(ParadoxParser parser, DataArgsBlock currentDataBlock, String token, List`1 currentLevelDataBlocks, List`1 innerLevelDataBlocks)
   at HOI4ModBuilder.src.hoiDataObjects.history.states.StateHistory.TokenCallback(ParadoxParser parser, String token)
   --- End of inner exception stack trace ---
   at HOI4ModBuilder.src.hoiDataObjects.history.states.StateHistory.TokenCallback(ParadoxParser parser, String token)
   at Pdoxcl2Sharp.ParadoxParser.<>c__DisplayClass36_0.<Parse>b__0()
   at Pdoxcl2Sharp.ParadoxParser.DoWhileBracket(Action act)
   at Pdoxcl2Sharp.ParadoxParser.Parse(Action`2 action)
   at Pdoxcl2Sharp.ParadoxParser.Parse[T](T innerStructure)
   at HOI4ModBuilder.src.hoiDataObjects.history.states.StateHistory.TokenCallback(ParadoxParser parser, String token)
   at Pdoxcl2Sharp.ParadoxParser.<>c__DisplayClass36_0.<Parse>b__0()
   at Pdoxcl2Sharp.ParadoxParser.DoWhileBracket(Action act)
   at Pdoxcl2Sharp.ParadoxParser.Parse(Action`2 action)
   at Pdoxcl2Sharp.ParadoxParser.Parse[T](T innerStructure)
   at HOI4ModBuilder.hoiDataObjects.map.State.TokenCallback(ParadoxParser parser, String token)
   at Pdoxcl2Sharp.ParadoxParser.<>c__DisplayClass36_0.<Parse>b__0()
   at Pdoxcl2Sharp.ParadoxParser.DoWhileBracket(Action act)
   at Pdoxcl2Sharp.ParadoxParser.Parse(Action`2 action)
   at Pdoxcl2Sharp.ParadoxParser.Parse[T](T innerStructure)
   at HOI4ModBuilder.src.hoiDataObjects.history.states.StateManager.TokenCallback(ParadoxParser parser, String token)

[10/03/2024 1:59:51 PM]: ERROR: ERROR_WHILE_STATE_LOADING, Values: dictionary = { {"{stateId}" = "890", {"{filePath}" = "C:\Users\Luke\Documents\Paradox Interactive\Hearts of Iron IV\mod\ColdWarIronCurtain\Cold War Iron Curtain\history\states\890-Daraa.txt", }
[10/03/2024 1:59:51 PM]: EXCEPTION AS ERROR: ERROR_WHILE_STATE_LOADING, Values: dictionary = { {"{stateId}" = "890", {"{filePath}" = "C:\Users\Luke\Documents\Paradox Interactive\Hearts of Iron IV\mod\ColdWarIronCurtain\Cold War Iron Curtain\history\states\890-Daraa.txt", }, Exception: System.Exception: The state with id = 890 in "history" block has "victory_points" with 1 points for the province with id = 13208, but the province already had VP = 1.
   at HOI4ModBuilder.src.hoiDataObjects.history.states.StateHistory.TokenCallback(ParadoxParser parser, String token)
   at Pdoxcl2Sharp.ParadoxParser.<>c__DisplayClass36_0.<Parse>b__0()
   at Pdoxcl2Sharp.ParadoxParser.DoWhileBracket(Action act)
   at Pdoxcl2Sharp.ParadoxParser.Parse(Action`2 action)
   at Pdoxcl2Sharp.ParadoxParser.Parse[T](T innerStructure)
   at HOI4ModBuilder.hoiDataObjects.map.State.TokenCallback(ParadoxParser parser, String token)
   at Pdoxcl2Sharp.ParadoxParser.<>c__DisplayClass36_0.<Parse>b__0()
   at Pdoxcl2Sharp.ParadoxParser.DoWhileBracket(Action act)
   at Pdoxcl2Sharp.ParadoxParser.Parse(Action`2 action)
   at Pdoxcl2Sharp.ParadoxParser.Parse[T](T innerStructure)
   at HOI4ModBuilder.src.hoiDataObjects.history.states.StateManager.TokenCallback(ParadoxParser parser, String token)

[10/03/2024 1:59:51 PM]: Loading of States finished
[10/03/2024 1:59:51 PM]: Perform action MAP_TAB_PROGRESSBAR_LOADING_REGIONS (13/13)...
[10/03/2024 1:59:52 PM]: Perform action MAP_TAB_PROGRESSBAR_LOADING_TEXTURE_MAPS (1/1)...
[10/03/2024 1:59:53 PM]: Perform action MAP_TAB_PROGRESSBAR_LOADING_PROVINCES_BORDERS_TEXTURE_MAP (1/2)...
[10/03/2024 1:59:53 PM]: Perform action MAP_TAB_PROGRESSBAR_LOADING_PROVINCES_BORDERS_TEXTURE_MAP (2/2)...
[10/03/2024 1:59:53 PM]: Perform action MAP_TAB_PROGRESSBAR_LOADING_ADDITIONAL_MAP_LAYERS (1/1)...
[10/03/2024 1:59:53 PM]: Perform action MAP_TAB_PROGRESSBAR_LOADING_TEXTURE_MAPS (1/3)...
[10/03/2024 1:59:53 PM]: Perform action MAP_TAB_PROGRESSBAR_LOADING_ADJACENCIES_DEFINITION (2/3)...
[10/03/2024 1:59:53 PM]: ERROR: ERROR_ADJACENCY_RULE_DUPLICATE_NAME, Values: dictionary = { {"{adjacencyRuleName}" = "INDOCHINESE_WAR_DIVIDE", }
[10/03/2024 1:59:53 PM]: Perform action MAP_TAB_PROGRESSBAR_LOADING_SUPPLIES (3/3)...
[10/03/2024 1:59:53 PM]: Perform action MAP_TAB_PROGRESSBAR_REGIONS_BORDERS_ASSEMBLE (1/5)...
[10/03/2024 1:59:53 PM]: Perform action MAP_TAB_PROGRESSBAR_REGIONS_BORDERS_ASSEMBLE (2/5)...
[10/03/2024 1:59:54 PM]: Perform action MAP_TAB_PROGRESSBAR_REGIONS_BORDERS_ASSEMBLE (3/5)...
[10/03/2024 1:59:54 PM]: X-Cross count: 274. Coordinates: 
[10/03/2024 1:59:54 PM]: x = 1976; y = 4
[10/03/2024 1:59:54 PM]: x = 2006; y = 7
[10/03/2024 1:59:54 PM]: x = 1975; y = 9
[10/03/2024 1:59:54 PM]: x = 1970; y = 10
[10/03/2024 1:59:54 PM]: x = 1991; y = 11
[10/03/2024 1:59:54 PM]: x = 1998; y = 11
[10/03/2024 1:59:54 PM]: x = 1241; y = 12
[10/03/2024 1:59:54 PM]: x = 2020; y = 12
[10/03/2024 1:59:54 PM]: x = 1081; y = 27
[10/03/2024 1:59:54 PM]: x = 1084; y = 27
[10/03/2024 1:59:54 PM]: x = 3633; y = 29
[10/03/2024 1:59:54 PM]: x = 4090; y = 32
[10/03/2024 1:59:54 PM]: x = 4103; y = 36
[10/03/2024 1:59:54 PM]: x = 66; y = 37
[10/03/2024 1:59:54 PM]: x = 4102; y = 38
[10/03/2024 1:59:54 PM]: x = 2224; y = 49
[10/03/2024 1:59:54 PM]: x = 3144; y = 50
[10/03/2024 1:59:54 PM]: x = 466; y = 56
[10/03/2024 1:59:54 PM]: x = 1975; y = 56
[10/03/2024 1:59:54 PM]: x = 2232; y = 60
[10/03/2024 1:59:54 PM]: x = 525; y = 69
[10/03/2024 1:59:54 PM]: x = 3093; y = 73
[10/03/2024 1:59:54 PM]: x = 3727; y = 78
[10/03/2024 1:59:54 PM]: x = 3835; y = 83
[10/03/2024 1:59:54 PM]: x = 230; y = 86
[10/03/2024 1:59:54 PM]: x = 3643; y = 87
[10/03/2024 1:59:54 PM]: x = 268; y = 92
[10/03/2024 1:59:54 PM]: x = 336; y = 109
[10/03/2024 1:59:54 PM]: x = 3015; y = 110
[10/03/2024 1:59:54 PM]: x = 329; y = 112
[10/03/2024 1:59:54 PM]: x = 3567; y = 116
[10/03/2024 1:59:54 PM]: x = 678; y = 118
[10/03/2024 1:59:54 PM]: x = 277; y = 122
[10/03/2024 1:59:54 PM]: x = 715; y = 123
[10/03/2024 1:59:54 PM]: x = 714; y = 127
[10/03/2024 1:59:54 PM]: x = 1218; y = 127
[10/03/2024 1:59:54 PM]: x = 1216; y = 128
[10/03/2024 1:59:54 PM]: x = 414; y = 130
[10/03/2024 1:59:54 PM]: x = 691; y = 132
[10/03/2024 1:59:54 PM]: x = 1841; y = 137
[10/03/2024 1:59:54 PM]: x = 700; y = 138
[10/03/2024 1:59:54 PM]: x = 2149; y = 138
[10/03/2024 1:59:54 PM]: x = 2139; y = 139
[10/03/2024 1:59:54 PM]: x = 2147; y = 143
[10/03/2024 1:59:54 PM]: x = 3889; y = 145
[10/03/2024 1:59:54 PM]: x = 1842; y = 147
[10/03/2024 1:59:54 PM]: x = 2146; y = 147
[10/03/2024 1:59:54 PM]: x = 691; y = 150
[10/03/2024 1:59:54 PM]: x = 3895; y = 153
[10/03/2024 1:59:54 PM]: x = 734; y = 160
[10/03/2024 1:59:54 PM]: x = 727; y = 162
[10/03/2024 1:59:54 PM]: x = 3003; y = 163
[10/03/2024 1:59:54 PM]: x = 729; y = 164
[10/03/2024 1:59:54 PM]: x = 339; y = 166
[10/03/2024 1:59:54 PM]: x = 402; y = 166
[10/03/2024 1:59:54 PM]: x = 1848; y = 167
[10/03/2024 1:59:54 PM]: x = 1843; y = 170
[10/03/2024 1:59:54 PM]: x = 736; y = 173
[10/03/2024 1:59:54 PM]: x = 1575; y = 173
[10/03/2024 1:59:54 PM]: x = 726; y = 175
[10/03/2024 1:59:54 PM]: x = 2088; y = 179
[10/03/2024 1:59:54 PM]: x = 754; y = 180
[10/03/2024 1:59:54 PM]: x = 727; y = 181
[10/03/2024 1:59:54 PM]: x = 726; y = 183
[10/03/2024 1:59:54 PM]: x = 726; y = 184
[10/03/2024 1:59:54 PM]: x = 742; y = 189
[10/03/2024 1:59:54 PM]: x = 724; y = 190
[10/03/2024 1:59:54 PM]: x = 742; y = 190
[10/03/2024 1:59:54 PM]: x = 268; y = 194
[10/03/2024 1:59:54 PM]: x = 727; y = 194
[10/03/2024 1:59:54 PM]: x = 729; y = 195
[10/03/2024 1:59:54 PM]: x = 2106; y = 195
[10/03/2024 1:59:54 PM]: x = 3142; y = 202
[10/03/2024 1:59:54 PM]: x = 1272; y = 217
[10/03/2024 1:59:54 PM]: x = 221; y = 220
[10/03/2024 1:59:54 PM]: x = 3163; y = 220
[10/03/2024 1:59:54 PM]: x = 773; y = 225
[10/03/2024 1:59:54 PM]: x = 211; y = 227
[10/03/2024 1:59:54 PM]: x = 209; y = 228
[10/03/2024 1:59:54 PM]: x = 1923; y = 229
[10/03/2024 1:59:54 PM]: x = 2712; y = 233
[10/03/2024 1:59:54 PM]: x = 780; y = 236
[10/03/2024 1:59:54 PM]: x = 747; y = 239
[10/03/2024 1:59:54 PM]: x = 752; y = 253
[10/03/2024 1:59:54 PM]: x = 801; y = 256
[10/03/2024 1:59:54 PM]: x = 808; y = 258
[10/03/2024 1:59:54 PM]: x = 2889; y = 263
[10/03/2024 1:59:54 PM]: x = 76; y = 265
[10/03/2024 1:59:54 PM]: x = 5295; y = 267
[10/03/2024 1:59:54 PM]: x = 5293; y = 270
[10/03/2024 1:59:54 PM]: x = 833; y = 291
[10/03/2024 1:59:54 PM]: x = 847; y = 294
[10/03/2024 1:59:54 PM]: x = 824; y = 295
[10/03/2024 1:59:54 PM]: x = 837; y = 298
[10/03/2024 1:59:54 PM]: x = 857; y = 305
[10/03/2024 1:59:54 PM]: x = 862; y = 312
[10/03/2024 1:59:54 PM]: x = 5349; y = 325
[10/03/2024 1:59:54 PM]: x = 878; y = 334
[10/03/2024 1:59:54 PM]: x = 1889; y = 338
[10/03/2024 1:59:54 PM]: x = 895; y = 348
[10/03/2024 1:59:54 PM]: x = 1797; y = 354
[10/03/2024 1:59:54 PM]: x = 894; y = 363
[10/03/2024 1:59:54 PM]: x = 2790; y = 364
[10/03/2024 1:59:54 PM]: x = 5334; y = 379
[10/03/2024 1:59:54 PM]: x = 871; y = 381
[10/03/2024 1:59:54 PM]: x = 5415; y = 391
[10/03/2024 1:59:54 PM]: x = 5494; y = 391
[10/03/2024 1:59:54 PM]: x = 1503; y = 392
[10/03/2024 1:59:54 PM]: x = 1529; y = 400
[10/03/2024 1:59:54 PM]: x = 1449; y = 404
[10/03/2024 1:59:54 PM]: x = 2933; y = 406
[10/03/2024 1:59:54 PM]: x = 1463; y = 409
[10/03/2024 1:59:54 PM]: x = 3003; y = 437
[10/03/2024 1:59:54 PM]: x = 3010; y = 439
[10/03/2024 1:59:54 PM]: x = 4485; y = 466
[10/03/2024 1:59:54 PM]: x = 4476; y = 470
[10/03/2024 1:59:54 PM]: x = 5252; y = 478
[10/03/2024 1:59:54 PM]: x = 1053; y = 479
[10/03/2024 1:59:54 PM]: x = 2656; y = 495
[10/03/2024 1:59:54 PM]: x = 4206; y = 527
[10/03/2024 1:59:54 PM]: x = 1622; y = 572
[10/03/2024 1:59:54 PM]: x = 1622; y = 575
[10/03/2024 1:59:54 PM]: x = 5167; y = 586
[10/03/2024 1:59:54 PM]: x = 1615; y = 598
[10/03/2024 1:59:54 PM]: x = 4076; y = 603
[10/03/2024 1:59:54 PM]: x = 3345; y = 609
[10/03/2024 1:59:54 PM]: x = 2999; y = 619
[10/03/2024 1:59:54 PM]: x = 3001; y = 619
[10/03/2024 1:59:54 PM]: x = 3033; y = 625
[10/03/2024 1:59:54 PM]: x = 5121; y = 625
[10/03/2024 1:59:54 PM]: x = 1551; y = 642
[10/03/2024 1:59:54 PM]: x = 5078; y = 662
[10/03/2024 1:59:54 PM]: x = 3074; y = 668
[10/03/2024 1:59:54 PM]: x = 1401; y = 695
[10/03/2024 1:59:54 PM]: x = 1546; y = 707
[10/03/2024 1:59:54 PM]: x = 4806; y = 725
[10/03/2024 1:59:54 PM]: x = 4603; y = 734
[10/03/2024 1:59:54 PM]: x = 4797; y = 739
[10/03/2024 1:59:54 PM]: x = 1576; y = 745
[10/03/2024 1:59:54 PM]: x = 1527; y = 747
[10/03/2024 1:59:54 PM]: x = 3174; y = 754
[10/03/2024 1:59:54 PM]: x = 4965; y = 756
[10/03/2024 1:59:54 PM]: x = 5319; y = 761
[10/03/2024 1:59:54 PM]: x = 1555; y = 762
[10/03/2024 1:59:54 PM]: x = 4761; y = 765
[10/03/2024 1:59:54 PM]: x = 1553; y = 769
[10/03/2024 1:59:54 PM]: x = 1541; y = 770
[10/03/2024 1:59:54 PM]: x = 1551; y = 772
[10/03/2024 1:59:54 PM]: x = 1553; y = 772
[10/03/2024 1:59:54 PM]: x = 1055; y = 774
[10/03/2024 1:59:54 PM]: x = 1540; y = 774
[10/03/2024 1:59:54 PM]: x = 4775; y = 776
[10/03/2024 1:59:54 PM]: x = 1532; y = 783
[10/03/2024 1:59:54 PM]: x = 1628; y = 783
[10/03/2024 1:59:54 PM]: x = 4777; y = 791
[10/03/2024 1:59:54 PM]: x = 4778; y = 801
[10/03/2024 1:59:54 PM]: x = 1552; y = 804
[10/03/2024 1:59:54 PM]: x = 1554; y = 805
[10/03/2024 1:59:54 PM]: x = 1562; y = 810
[10/03/2024 1:59:54 PM]: x = 1651; y = 811
[10/03/2024 1:59:54 PM]: x = 1571; y = 812
[10/03/2024 1:59:54 PM]: x = 1565; y = 813
[10/03/2024 1:59:54 PM]: x = 4821; y = 814
[10/03/2024 1:59:54 PM]: x = 1587; y = 818
[10/03/2024 1:59:54 PM]: x = 4771; y = 821
[10/03/2024 1:59:54 PM]: x = 4811; y = 821
[10/03/2024 1:59:54 PM]: x = 1595; y = 826
[10/03/2024 1:59:54 PM]: x = 1597; y = 826
[10/03/2024 1:59:54 PM]: x = 1446; y = 829
[10/03/2024 1:59:54 PM]: x = 1599; y = 829
[10/03/2024 1:59:54 PM]: x = 4782; y = 829
[10/03/2024 1:59:54 PM]: x = 1601; y = 830
[10/03/2024 1:59:54 PM]: x = 4833; y = 856
[10/03/2024 1:59:54 PM]: x = 1806; y = 879
[10/03/2024 1:59:54 PM]: x = 1688; y = 882
[10/03/2024 1:59:54 PM]: x = 1691; y = 895
[10/03/2024 1:59:54 PM]: x = 1328; y = 917
[10/03/2024 1:59:54 PM]: x = 1497; y = 932
[10/03/2024 1:59:54 PM]: x = 4698; y = 936
[10/03/2024 1:59:54 PM]: x = 2583; y = 937
[10/03/2024 1:59:54 PM]: x = 3596; y = 961
[10/03/2024 1:59:54 PM]: x = 3639; y = 961
[10/03/2024 1:59:54 PM]: x = 3843; y = 984
[10/03/2024 1:59:54 PM]: x = 1763; y = 987
[10/03/2024 1:59:54 PM]: x = 1805; y = 990
[10/03/2024 1:59:54 PM]: x = 1805; y = 992
[10/03/2024 1:59:54 PM]: x = 3652; y = 1002
[10/03/2024 1:59:54 PM]: x = 1839; y = 1009
[10/03/2024 1:59:54 PM]: x = 1839; y = 1020
[10/03/2024 1:59:54 PM]: x = 1846; y = 1021
[10/03/2024 1:59:54 PM]: x = 4667; y = 1023
[10/03/2024 1:59:54 PM]: x = 4581; y = 1031
[10/03/2024 1:59:54 PM]: x = 4587; y = 1042
[10/03/2024 1:59:54 PM]: x = 4181; y = 1045
[10/03/2024 1:59:54 PM]: x = 3723; y = 1068
[10/03/2024 1:59:54 PM]: x = 2422; y = 1130
[10/03/2024 1:59:54 PM]: x = 1586; y = 1138
[10/03/2024 1:59:54 PM]: x = 4285; y = 1143
[10/03/2024 1:59:54 PM]: x = 4293; y = 1144
[10/03/2024 1:59:54 PM]: x = 2018; y = 1147
[10/03/2024 1:59:54 PM]: x = 2534; y = 1161
[10/03/2024 1:59:54 PM]: x = 2020; y = 1175
[10/03/2024 1:59:54 PM]: x = 2014; y = 1179
[10/03/2024 1:59:54 PM]: x = 2010; y = 1185
[10/03/2024 1:59:54 PM]: x = 4738; y = 1194
[10/03/2024 1:59:54 PM]: x = 1996; y = 1200
[10/03/2024 1:59:54 PM]: x = 2098; y = 1202
[10/03/2024 1:59:54 PM]: x = 4345; y = 1210
[10/03/2024 1:59:54 PM]: x = 4701; y = 1215
[10/03/2024 1:59:54 PM]: x = 2133; y = 1216
[10/03/2024 1:59:54 PM]: x = 2137; y = 1218
[10/03/2024 1:59:54 PM]: x = 2561; y = 1219
[10/03/2024 1:59:54 PM]: x = 4668; y = 1226
[10/03/2024 1:59:54 PM]: x = 4719; y = 1229
[10/03/2024 1:59:54 PM]: x = 4338; y = 1241
[10/03/2024 1:59:54 PM]: x = 4050; y = 1247
[10/03/2024 1:59:54 PM]: x = 5146; y = 1253
[10/03/2024 1:59:54 PM]: x = 4897; y = 1267
[10/03/2024 1:59:54 PM]: x = 4635; y = 1268
[10/03/2024 1:59:54 PM]: x = 4340; y = 1270
[10/03/2024 1:59:54 PM]: x = 5051; y = 1284
[10/03/2024 1:59:54 PM]: x = 5031; y = 1285
[10/03/2024 1:59:54 PM]: x = 4638; y = 1295
[10/03/2024 1:59:54 PM]: x = 4702; y = 1295
[10/03/2024 1:59:54 PM]: x = 4873; y = 1302
[10/03/2024 1:59:54 PM]: x = 4692; y = 1311
[10/03/2024 1:59:54 PM]: x = 4694; y = 1311
[10/03/2024 1:59:54 PM]: x = 4677; y = 1322
[10/03/2024 1:59:54 PM]: x = 2918; y = 1326
[10/03/2024 1:59:54 PM]: x = 3941; y = 1351
[10/03/2024 1:59:54 PM]: x = 4379; y = 1369
[10/03/2024 1:59:54 PM]: x = 4805; y = 1375
[10/03/2024 1:59:54 PM]: x = 4803; y = 1376
[10/03/2024 1:59:54 PM]: x = 4429; y = 1378
[10/03/2024 1:59:54 PM]: x = 4797; y = 1383
[10/03/2024 1:59:54 PM]: x = 4412; y = 1391
[10/03/2024 1:59:54 PM]: x = 4675; y = 1399
[10/03/2024 1:59:54 PM]: x = 4854; y = 1399
[10/03/2024 1:59:54 PM]: x = 3340; y = 1403
[10/03/2024 1:59:54 PM]: x = 4843; y = 1403
[10/03/2024 1:59:54 PM]: x = 4845; y = 1404
[10/03/2024 1:59:54 PM]: x = 1717; y = 1429
[10/03/2024 1:59:54 PM]: x = 5157; y = 1441
[10/03/2024 1:59:54 PM]: x = 4962; y = 1489
[10/03/2024 1:59:54 PM]: x = 5278; y = 1519
[10/03/2024 1:59:54 PM]: x = 4830; y = 1525
[10/03/2024 1:59:54 PM]: x = 4746; y = 1530
[10/03/2024 1:59:54 PM]: x = 5034; y = 1530
[10/03/2024 1:59:54 PM]: x = 5270; y = 1534
[10/03/2024 1:59:54 PM]: x = 5160; y = 1554
[10/03/2024 1:59:54 PM]: x = 5550; y = 1575
[10/03/2024 1:59:54 PM]: x = 4853; y = 1576
[10/03/2024 1:59:54 PM]: x = 5420; y = 1624
[10/03/2024 1:59:54 PM]: x = 4764; y = 1646
[10/03/2024 1:59:54 PM]: x = 5413; y = 1648
[10/03/2024 1:59:54 PM]: x = 3588; y = 1654
[10/03/2024 1:59:54 PM]: x = 5418; y = 1657
[10/03/2024 1:59:54 PM]: x = 569; y = 1677
[10/03/2024 1:59:54 PM]: x = 591; y = 1690
[10/03/2024 1:59:54 PM]: x = 5131; y = 1749
[10/03/2024 1:59:54 PM]: x = 5132; y = 1751
[10/03/2024 1:59:54 PM]: x = 822; y = 1762
[10/03/2024 1:59:54 PM]: x = 5554; y = 1851
[10/03/2024 1:59:54 PM]: x = 1688; y = 1861
[10/03/2024 1:59:54 PM]: x = 4920; y = 1915
[10/03/2024 1:59:54 PM]: x = 5535; y = 1927
[10/03/2024 1:59:54 PM]: x = 1676; y = 1947
[10/03/2024 1:59:54 PM]: x = 1683; y = 1971
[10/03/2024 1:59:54 PM]: x = 1874; y = 1974
[10/03/2024 1:59:54 PM]: x = 5067; y = 1982
[10/03/2024 1:59:54 PM]: x = 1720; y = 1988
[10/03/2024 1:59:54 PM]: x = 1714; y = 2000
[10/03/2024 1:59:54 PM]: x = 1742; y = 2026
[10/03/2024 1:59:54 PM]: x = 5079; y = 2037
[10/03/2024 1:59:54 PM]: BordersInitAndAssemble = 904 ms
[10/03/2024 1:59:54 PM]: ProvinceBorderCount = 52356
[10/03/2024 1:59:54 PM]: Perform action MAP_TAB_PROGRESSBAR_STATES_BORDERS_ASSEMBLE (4/5)...
[10/03/2024 1:59:57 PM]: Perform action MAP_TAB_PROGRESSBAR_REGIONS_BORDERS_ASSEMBLE (5/5)...
[10/03/2024 1:59:58 PM]: Perform action MAP_TAB_PROGRESSBAR_MAP_ERRORS_SEARCHING (1/19)...
[10/03/2024 1:59:58 PM]: Perform action MAP_TAB_PROGRESSBAR_MAP_ERRORS_SEARCHING (2/19)...
[10/03/2024 1:59:58 PM]: Perform action MAP_TAB_PROGRESSBAR_MAP_ERRORS_SEARCHING (3/19)...
[10/03/2024 1:59:58 PM]: Perform action MAP_TAB_PROGRESSBAR_MAP_ERRORS_SEARCHING (4/19)...
[10/03/2024 1:59:58 PM]: Perform action MAP_TAB_PROGRESSBAR_MAP_ERRORS_SEARCHING (5/19)...
[10/03/2024 1:59:58 PM]: Perform action MAP_TAB_PROGRESSBAR_MAP_ERRORS_SEARCHING (6/19)...
[10/03/2024 1:59:58 PM]: Perform action MAP_TAB_PROGRESSBAR_MAP_ERRORS_SEARCHING (7/19)...
[10/03/2024 1:59:58 PM]: Perform action MAP_TAB_PROGRESSBAR_MAP_ERRORS_SEARCHING (8/19)...
[10/03/2024 1:59:58 PM]: Perform action MAP_TAB_PROGRESSBAR_MAP_ERRORS_SEARCHING (9/19)...
[10/03/2024 1:59:58 PM]: Perform action MAP_TAB_PROGRESSBAR_MAP_ERRORS_SEARCHING (10/19)...
[10/03/2024 1:59:58 PM]: Perform action MAP_TAB_PROGRESSBAR_MAP_ERRORS_SEARCHING (11/19)...
[10/03/2024 1:59:58 PM]: Perform action MAP_TAB_PROGRESSBAR_MAP_ERRORS_SEARCHING (12/19)...
[10/03/2024 1:59:58 PM]: Perform action MAP_TAB_PROGRESSBAR_MAP_ERRORS_SEARCHING (13/19)...
[10/03/2024 1:59:58 PM]: Perform action MAP_TAB_PROGRESSBAR_MAP_ERRORS_SEARCHING (14/19)...
[10/03/2024 1:59:58 PM]: Perform action MAP_TAB_PROGRESSBAR_MAP_ERRORS_SEARCHING (15/19)...
[10/03/2024 1:59:58 PM]: Perform action MAP_TAB_PROGRESSBAR_MAP_ERRORS_SEARCHING (16/19)...
[10/03/2024 1:59:58 PM]: Perform action MAP_TAB_PROGRESSBAR_MAP_ERRORS_SEARCHING (17/19)...
[10/03/2024 1:59:58 PM]: Perform action MAP_TAB_PROGRESSBAR_MAP_ERRORS_SEARCHING (18/19)...
[10/03/2024 1:59:58 PM]: Perform action MAP_TAB_PROGRESSBAR_MAP_ERRORS_SEARCHING (19/19)...
[10/03/2024 1:59:59 PM]: 426.0541 MB -> 99.10124 MB (-326.9529 MB)
